<?xml version="1.0" encoding="UTF-8"?>
<coverage generated="1779171713481" clover="3.2.0">
  <project timestamp="1779171713481" name="All files">
    <metrics statements="801" coveredstatements="712" conditionals="168" coveredconditionals="151" methods="27" coveredmethods="22" elements="996" coveredelements="885" complexity="0" loc="801" ncloc="801" packages="2" files="2" classes="2"/>
    <package name="client">
      <metrics statements="67" coveredstatements="67" conditionals="5" coveredconditionals="5" methods="1" coveredmethods="1"/>
      <file name="cards.js" path="/home/matt/workspace/autogame/game/client/cards.js">
        <metrics statements="67" coveredstatements="67" conditionals="5" coveredconditionals="5" methods="1" coveredmethods="1"/>
        <line num="1" count="1" type="stmt"/>
        <line num="2" count="1" type="stmt"/>
        <line num="3" count="1" type="stmt"/>
        <line num="5" count="1" type="stmt"/>
        <line num="6" count="1" type="stmt"/>
        <line num="7" count="1" type="stmt"/>
        <line num="8" count="1" type="stmt"/>
        <line num="9" count="1" type="stmt"/>
        <line num="10" count="1" type="stmt"/>
        <line num="11" count="1" type="stmt"/>
        <line num="12" count="1" type="stmt"/>
        <line num="13" count="1" type="stmt"/>
        <line num="14" count="1" type="stmt"/>
        <line num="15" count="1" type="stmt"/>
        <line num="16" count="1" type="stmt"/>
        <line num="17" count="1" type="stmt"/>
        <line num="18" count="1" type="stmt"/>
        <line num="19" count="1" type="stmt"/>
        <line num="20" count="1" type="stmt"/>
        <line num="21" count="1" type="stmt"/>
        <line num="22" count="1" type="stmt"/>
        <line num="23" count="1" type="stmt"/>
        <line num="24" count="1" type="stmt"/>
        <line num="25" count="1" type="stmt"/>
        <line num="26" count="1" type="stmt"/>
        <line num="27" count="1" type="stmt"/>
        <line num="28" count="1" type="stmt"/>
        <line num="29" count="1" type="stmt"/>
        <line num="30" count="1" type="stmt"/>
        <line num="31" count="1" type="stmt"/>
        <line num="32" count="1" type="stmt"/>
        <line num="33" count="1" type="stmt"/>
        <line num="34" count="1" type="stmt"/>
        <line num="35" count="1" type="stmt"/>
        <line num="36" count="1" type="stmt"/>
        <line num="38" count="1" type="stmt"/>
        <line num="39" count="1" type="stmt"/>
        <line num="40" count="1" type="stmt"/>
        <line num="41" count="1" type="cond" truecount="1" falsecount="0"/>
        <line num="42" count="11" type="stmt"/>
        <line num="43" count="11" type="stmt"/>
        <line num="44" count="11" type="stmt"/>
        <line num="45" count="11" type="stmt"/>
        <line num="46" count="11" type="stmt"/>
        <line num="47" count="11" type="stmt"/>
        <line num="48" count="11" type="stmt"/>
        <line num="49" count="11" type="stmt"/>
        <line num="50" count="11" type="stmt"/>
        <line num="51" count="11" type="stmt"/>
        <line num="52" count="11" type="stmt"/>
        <line num="54" count="1" type="stmt"/>
        <line num="55" count="1" type="stmt"/>
        <line num="56" count="1" type="stmt"/>
        <line num="57" count="1" type="stmt"/>
        <line num="58" count="1" type="stmt"/>
        <line num="59" count="1" type="stmt"/>
        <line num="60" count="1" type="stmt"/>
        <line num="62" count="1" type="stmt"/>
        <line num="63" count="1" type="stmt"/>
        <line num="64" count="1" type="stmt"/>
        <line num="65" count="1" type="stmt"/>
        <line num="66" count="1" type="stmt"/>
        <line num="67" count="1" type="cond" truecount="1" falsecount="0"/>
        <line num="68" count="8" type="cond" truecount="1" falsecount="0"/>
        <line num="69" count="8" type="cond" truecount="1" falsecount="0"/>
        <line num="70" count="8" type="cond" truecount="1" falsecount="0"/>
        <line num="71" count="8" type="stmt"/>
      </file>
    </package>
    <package name="server">
      <metrics statements="734" coveredstatements="645" conditionals="163" coveredconditionals="146" methods="26" coveredmethods="21"/>
      <file name="index.js" path="/home/matt/workspace/autogame/game/server/index.js">
        <metrics statements="734" coveredstatements="645" conditionals="163" coveredconditionals="146" methods="26" coveredmethods="21"/>
        <line num="1" count="1" type="stmt"/>
        <line num="2" count="1" type="stmt"/>
        <line num="3" count="1" type="stmt"/>
        <line num="4" count="1" type="stmt"/>
        <line num="6" count="1" type="stmt"/>
        <line num="7" count="1" type="stmt"/>
        <line num="8" count="1" type="stmt"/>
        <line num="9" count="1" type="stmt"/>
        <line num="10" count="1" type="stmt"/>
        <line num="11" count="1" type="stmt"/>
        <line num="12" count="1" type="stmt"/>
        <line num="13" count="1" type="stmt"/>
        <line num="17" count="36" type="cond" truecount="1" falsecount="0"/>
        <line num="18" count="36" type="stmt"/>
        <line num="19" count="36" type="cond" truecount="1" falsecount="0"/>
        <line num="20" count="1359" type="stmt"/>
        <line num="21" count="1359" type="stmt"/>
        <line num="22" count="1359" type="stmt"/>
        <line num="23" count="1359" type="stmt"/>
        <line num="24" count="1359" type="stmt"/>
        <line num="25" count="36" type="stmt"/>
        <line num="30" count="1" type="stmt"/>
        <line num="31" count="1" type="stmt"/>
        <line num="32" count="1" type="stmt"/>
        <line num="33" count="1" type="stmt"/>
        <line num="34" count="1" type="stmt"/>
        <line num="35" count="1" type="stmt"/>
        <line num="41" count="30" type="cond" truecount="1" falsecount="0"/>
        <line num="42" count="30" type="stmt"/>
        <line num="47" count="30" type="stmt"/>
        <line num="48" count="30" type="cond" truecount="1" falsecount="0"/>
        <line num="49" count="120" type="stmt"/>
        <line num="50" count="120" type="stmt"/>
        <line num="51" count="30" type="stmt"/>
        <line num="53" count="30" type="stmt"/>
        <line num="54" count="30" type="stmt"/>
        <line num="55" count="30" type="stmt"/>
        <line num="56" count="30" type="stmt"/>
        <line num="57" count="30" type="stmt"/>
        <line num="58" count="30" type="stmt"/>
        <line num="61" count="30" type="stmt"/>
        <line num="62" count="30" type="stmt"/>
        <line num="64" count="30" type="cond" truecount="1" falsecount="0"/>
        <line num="66" count="240" type="stmt"/>
        <line num="67" count="240" type="cond" truecount="1" falsecount="0"/>
        <line num="68" count="1080" type="stmt"/>
        <line num="69" count="1080" type="cond" truecount="1" falsecount="0"/>
        <line num="70" count="4320" type="stmt"/>
        <line num="71" count="4320" type="stmt"/>
        <line num="72" count="4320" type="cond" truecount="5" falsecount="0"/>
        <line num="73" count="1366" type="stmt"/>
        <line num="74" count="1366" type="stmt"/>
        <line num="75" count="4320" type="stmt"/>
        <line num="76" count="1080" type="stmt"/>
        <line num="78" count="240" type="cond" truecount="0" falsecount="1"/>
        <line num="81" count="240" type="stmt"/>
        <line num="82" count="240" type="stmt"/>
        <line num="83" count="240" type="stmt"/>
        <line num="84" count="240" type="stmt"/>
        <line num="85" count="240" type="stmt"/>
        <line num="86" count="240" type="stmt"/>
        <line num="90" count="30" type="stmt"/>
        <line num="91" count="30" type="stmt"/>
        <line num="92" count="30" type="stmt"/>
        <line num="95" count="30" type="stmt"/>
        <line num="96" count="30" type="stmt"/>
        <line num="97" count="30" type="stmt"/>
        <line num="99" count="30" type="cond" truecount="1" falsecount="0"/>
        <line num="100" count="510" type="stmt"/>
        <line num="101" count="510" type="stmt"/>
        <line num="102" count="510" type="stmt"/>
        <line num="105" count="510" type="stmt"/>
        <line num="106" count="510" type="cond" truecount="1" falsecount="0"/>
        <line num="107" count="2040" type="stmt"/>
        <line num="108" count="2040" type="stmt"/>
        <line num="109" count="2040" type="cond" truecount="5" falsecount="0"/>
        <line num="110" count="1265" type="cond" truecount="2" falsecount="0"/>
        <line num="111" count="1265" type="cond" truecount="1" falsecount="0"/>
        <line num="112" count="353" type="stmt"/>
        <line num="113" count="353" type="stmt"/>
        <line num="114" count="1265" type="stmt"/>
        <line num="115" count="2040" type="stmt"/>
        <line num="117" count="510" type="cond" truecount="1" falsecount="0"/>
        <line num="119" count="240" type="stmt"/>
        <line num="120" count="240" type="stmt"/>
        <line num="121" count="240" type="stmt"/>
        <line num="122" count="240" type="stmt"/>
        <line num="123" count="510" type="cond" truecount="1" falsecount="0"/>
        <line num="124" count="270" type="stmt"/>
        <line num="125" count="270" type="stmt"/>
        <line num="126" count="510" type="stmt"/>
        <line num="129" count="30" type="stmt"/>
        <line num="130" count="30" type="cond" truecount="1" falsecount="0"/>
        <line num="131" count="270" type="stmt"/>
        <line num="132" count="270" type="cond" truecount="1" falsecount="0"/>
        <line num="133" count="1080" type="stmt"/>
        <line num="134" count="1080" type="stmt"/>
        <line num="135" count="1080" type="cond" truecount="5" falsecount="0"/>
        <line num="136" count="632" type="cond" truecount="2" falsecount="0"/>
        <line num="137" count="632" type="stmt"/>
        <line num="138" count="632" type="cond" truecount="1" falsecount="0"/>
        <line num="139" count="316" type="cond" truecount="1" falsecount="0"/>
        <line num="140" count="1688" type="cond" truecount="3" falsecount="0"/>
        <line num="141" count="316" type="stmt"/>
        <line num="142" count="316" type="cond" truecount="1" falsecount="0"/>
        <line num="143" count="316" type="stmt"/>
        <line num="144" count="632" type="stmt"/>
        <line num="145" count="1080" type="stmt"/>
        <line num="146" count="270" type="stmt"/>
        <line num="148" count="30" type="cond" truecount="1" falsecount="0"/>
        <line num="149" count="47" type="stmt"/>
        <line num="150" count="47" type="stmt"/>
        <line num="151" count="47" type="stmt"/>
        <line num="152" count="30" type="stmt"/>
        <line num="153" count="30" type="cond" truecount="1" falsecount="0"/>
        <line num="154" count="1" type="stmt"/>
        <line num="155" count="1" type="stmt"/>
        <line num="159" count="30" type="cond" truecount="1" falsecount="0"/>
        <line num="160" count="30" type="cond" truecount="1" falsecount="0"/>
        <line num="161" count="241" type="stmt"/>
        <line num="162" count="241" type="stmt"/>
        <line num="163" count="241" type="cond" truecount="1" falsecount="0"/>
        <line num="164" count="241" type="cond" truecount="1" falsecount="0"/>
        <line num="165" count="241" type="cond" truecount="1" falsecount="0"/>
        <line num="166" count="241" type="cond" truecount="1" falsecount="0"/>
        <line num="167" count="241" type="stmt"/>
        <line num="170" count="30" type="cond" truecount="1" falsecount="0"/>
        <line num="171" count="270" type="stmt"/>
        <line num="172" count="270" type="stmt"/>
        <line num="173" count="270" type="stmt"/>
        <line num="174" count="270" type="stmt"/>
        <line num="175" count="270" type="stmt"/>
        <line num="176" count="270" type="stmt"/>
        <line num="177" count="270" type="stmt"/>
        <line num="180" count="270" type="cond" truecount="1" falsecount="0"/>
        <line num="181" count="156" type="stmt"/>
        <line num="182" count="270" type="cond" truecount="1" falsecount="0"/>
        <line num="183" count="114" type="stmt"/>
        <line num="184" count="114" type="stmt"/>
        <line num="185" count="114" type="stmt"/>
        <line num="186" count="114" type="stmt"/>
        <line num="189" count="270" type="cond" truecount="1" falsecount="0"/>
        <line num="190" count="156" type="stmt"/>
        <line num="191" count="270" type="cond" truecount="1" falsecount="0"/>
        <line num="192" count="114" type="stmt"/>
        <line num="193" count="114" type="stmt"/>
        <line num="194" count="114" type="stmt"/>
        <line num="195" count="114" type="stmt"/>
        <line num="198" count="270" type="cond" truecount="1" falsecount="0"/>
        <line num="199" count="143" type="stmt"/>
        <line num="200" count="270" type="cond" truecount="1" falsecount="0"/>
        <line num="201" count="127" type="stmt"/>
        <line num="202" count="127" type="stmt"/>
        <line num="203" count="127" type="stmt"/>
        <line num="204" count="127" type="stmt"/>
        <line num="207" count="270" type="cond" truecount="1" falsecount="0"/>
        <line num="208" count="143" type="stmt"/>
        <line num="209" count="270" type="cond" truecount="1" falsecount="0"/>
        <line num="210" count="127" type="stmt"/>
        <line num="211" count="127" type="stmt"/>
        <line num="212" count="127" type="stmt"/>
        <line num="213" count="127" type="stmt"/>
        <line num="215" count="270" type="stmt"/>
        <line num="216" count="30" type="stmt"/>
        <line num="219" count="30" type="cond" truecount="1" falsecount="0"/>
        <line num="220" count="241" type="stmt"/>
        <line num="221" count="241" type="stmt"/>
        <line num="222" count="241" type="stmt"/>
        <line num="223" count="241" type="stmt"/>
        <line num="226" count="241" type="cond" truecount="1" falsecount="0"/>
        <line num="227" count="127" type="stmt"/>
        <line num="228" count="127" type="stmt"/>
        <line num="229" count="127" type="stmt"/>
        <line num="230" count="127" type="stmt"/>
        <line num="233" count="241" type="cond" truecount="1" falsecount="0"/>
        <line num="234" count="114" type="stmt"/>
        <line num="235" count="114" type="stmt"/>
        <line num="236" count="114" type="stmt"/>
        <line num="237" count="114" type="stmt"/>
        <line num="239" count="241" type="stmt"/>
        <line num="240" count="30" type="stmt"/>
        <line num="242" count="30" type="stmt"/>
        <line num="243" count="30" type="stmt"/>
        <line num="246" count="61" type="cond" truecount="1" falsecount="0"/>
        <line num="247" count="61" type="stmt"/>
        <line num="248" count="61" type="stmt"/>
        <line num="249" count="61" type="stmt"/>
        <line num="250" count="61" type="stmt"/>
        <line num="251" count="61" type="stmt"/>
        <line num="252" count="61" type="stmt"/>
        <line num="253" count="61" type="stmt"/>
        <line num="254" count="61" type="stmt"/>
        <line num="255" count="61" type="stmt"/>
        <line num="258" count="1" type="stmt"/>
        <line num="261" count="1" type="stmt"/>
        <line num="262" count="1" type="stmt"/>
        <line num="263" count="1" type="stmt"/>
        <line num="264" count="1" type="stmt"/>
        <line num="266" count="1" type="stmt"/>
        <line num="267" count="1" type="stmt"/>
        <line num="269" count="22" type="cond" truecount="1" falsecount="0"/>
        <line num="270" count="22" type="stmt"/>
        <line num="271" count="22" type="stmt"/>
        <line num="272" count="22" type="stmt"/>
        <line num="273" count="22" type="stmt"/>
        <line num="275" count="22" type="cond" truecount="1" falsecount="0"/>
        <line num="276" count="198" type="stmt"/>
        <line num="277" count="198" type="stmt"/>
        <line num="278" count="198" type="stmt"/>
        <line num="279" count="198" type="stmt"/>
        <line num="280" count="198" type="stmt"/>
        <line num="281" count="198" type="stmt"/>
        <line num="282" count="198" type="stmt"/>
        <line num="284" count="22" type="stmt"/>
        <line num="285" count="22" type="stmt"/>
        <line num="286" count="22" type="stmt"/>
        <line num="287" count="22" type="stmt"/>
        <line num="288" count="22" type="stmt"/>
        <line num="289" count="22" type="stmt"/>
        <line num="290" count="22" type="stmt"/>
        <line num="292" count="24" type="cond" truecount="1" falsecount="0"/>
        <line num="293" count="24" type="stmt"/>
        <line num="294" count="24" type="stmt"/>
        <line num="295" count="24" type="stmt"/>
        <line num="297" count="201" type="cond" truecount="1" falsecount="0"/>
        <line num="298" count="201" type="stmt"/>
        <line num="299" count="201" type="stmt"/>
        <line num="300" count="201" type="stmt"/>
        <line num="301" count="201" type="stmt"/>
        <line num="302" count="201" type="stmt"/>
        <line num="303" count="201" type="stmt"/>
        <line num="304" count="201" type="stmt"/>
        <line num="305" count="201" type="stmt"/>
        <line num="307" count="2" type="cond" truecount="1" falsecount="0"/>
        <line num="308" count="2" type="stmt"/>
        <line num="309" count="2" type="stmt"/>
        <line num="310" count="2" type="stmt"/>
        <line num="311" count="2" type="stmt"/>
        <line num="312" count="2" type="stmt"/>
        <line num="313" count="2" type="stmt"/>
        <line num="315" count="1" type="stmt"/>
        <line num="316" count="1" type="stmt"/>
        <line num="322" count="20" type="cond" truecount="1" falsecount="0"/>
        <line num="323" count="20" type="stmt"/>
        <line num="324" count="20" type="cond" truecount="1" falsecount="0"/>
        <line num="325" count="20" type="stmt"/>
        <line num="326" count="20" type="stmt"/>
        <line num="327" count="20" type="stmt"/>
        <line num="328" count="20" type="stmt"/>
        <line num="329" count="20" type="stmt"/>
        <line num="330" count="20" type="stmt"/>
        <line num="332" count="1" type="stmt"/>
        <line num="333" count="1" type="stmt"/>
        <line num="334" count="1" type="stmt"/>
        <line num="335" count="1" type="stmt"/>
        <line num="337" count="1" type="stmt"/>
        <line num="338" count="1" type="stmt"/>
        <line num="339" count="1" type="stmt"/>
        <line num="340" count="1" type="stmt"/>
        <line num="341" count="1" type="stmt"/>
        <line num="342" count="1" type="stmt"/>
        <line num="343" count="1" type="stmt"/>
        <line num="346" count="1" type="stmt"/>
        <line num="347" count="1" type="stmt"/>
        <line num="348" count="1" type="stmt"/>
        <line num="349" count="1" type="stmt"/>
        <line num="350" count="1" type="stmt"/>
        <line num="351" count="1" type="stmt"/>
        <line num="354" count="1" type="stmt"/>
        <line num="357" count="1" type="stmt"/>
        <line num="358" count="1" type="stmt"/>
        <line num="359" count="1" type="stmt"/>
        <line num="362" count="44" type="cond" truecount="1" falsecount="0"/>
        <line num="363" count="44" type="cond" truecount="1" falsecount="0"/>
        <line num="364" count="29" type="stmt"/>
        <line num="365" count="29" type="stmt"/>
        <line num="366" count="44" type="stmt"/>
        <line num="367" count="44" type="stmt"/>
        <line num="370" count="44" type="cond" truecount="1" falsecount="0"/>
        <line num="371" count="44" type="stmt"/>
        <line num="372" count="44" type="stmt"/>
        <line num="373" count="44" type="stmt"/>
        <line num="374" count="44" type="stmt"/>
        <line num="375" count="44" type="stmt"/>
        <line num="378" count="2" type="cond" truecount="1" falsecount="0"/>
        <line num="379" count="2" type="stmt"/>
        <line num="380" count="2" type="cond" truecount="2" falsecount="0"/>
        <line num="381" count="1" type="stmt"/>
        <line num="382" count="1" type="stmt"/>
        <line num="383" count="1" type="stmt"/>
        <line num="384" count="2" type="stmt"/>
        <line num="387" count="7" type="cond" truecount="1" falsecount="0"/>
        <line num="388" count="7" type="stmt"/>
        <line num="389" count="7" type="cond" truecount="2" falsecount="0"/>
        <line num="391" count="6" type="stmt"/>
        <line num="393" count="7" type="cond" truecount="2" falsecount="0"/>
        <line num="394" count="4" type="stmt"/>
        <line num="396" count="4" type="cond" truecount="1" falsecount="0"/>
        <line num="397" count="2" type="stmt"/>
        <line num="398" count="2" type="cond" truecount="0" falsecount="1"/>
        <line num="399" count="2" type="stmt"/>
        <line num="400" count="2" type="stmt"/>
        <line num="401" count="2" type="stmt"/>
        <line num="402" count="2" type="stmt"/>
        <line num="403" count="2" type="stmt"/>
        <line num="404" count="2" type="stmt"/>
        <line num="405" count="4" type="stmt"/>
        <line num="406" count="4" type="stmt"/>
        <line num="407" count="7" type="stmt"/>
        <line num="409" count="101" type="cond" truecount="1" falsecount="0"/>
        <line num="410" count="101" type="stmt"/>
        <line num="411" count="101" type="stmt"/>
        <line num="414" count="20" type="cond" truecount="1" falsecount="0"/>
        <line num="415" count="20" type="cond" truecount="1" falsecount="0"/>
        <line num="416" count="100" type="stmt"/>
        <line num="417" count="100" type="stmt"/>
        <line num="418" count="100" type="stmt"/>
        <line num="419" count="100" type="stmt"/>
        <line num="420" count="100" type="stmt"/>
        <line num="421" count="100" type="stmt"/>
        <line num="422" count="100" type="stmt"/>
        <line num="423" count="100" type="stmt"/>
        <line num="424" count="100" type="stmt"/>
        <line num="425" count="100" type="stmt"/>
        <line num="426" count="20" type="stmt"/>
        <line num="429" count="5" type="cond" truecount="1" falsecount="0"/>
        <line num="430" count="5" type="cond" truecount="2" falsecount="0"/>
        <line num="432" count="4" type="stmt"/>
        <line num="433" count="4" type="stmt"/>
        <line num="434" count="4" type="stmt"/>
        <line num="435" count="4" type="stmt"/>
        <line num="436" count="4" type="stmt"/>
        <line num="438" count="0" type="stmt"/>
        <line num="439" count="0" type="stmt"/>
        <line num="440" count="0" type="stmt"/>
        <line num="442" count="0" type="stmt"/>
        <line num="443" count="0" type="stmt"/>
        <line num="444" count="0" type="stmt"/>
        <line num="445" count="0" type="stmt"/>
        <line num="446" count="0" type="stmt"/>
        <line num="447" count="0" type="stmt"/>
        <line num="449" count="0" type="stmt"/>
        <line num="450" count="0" type="stmt"/>
        <line num="452" count="0" type="stmt"/>
        <line num="453" count="0" type="stmt"/>
        <line num="454" count="0" type="stmt"/>
        <line num="456" count="0" type="stmt"/>
        <line num="457" count="0" type="stmt"/>
        <line num="458" count="0" type="stmt"/>
        <line num="459" count="0" type="stmt"/>
        <line num="460" count="0" type="stmt"/>
        <line num="461" count="0" type="stmt"/>
        <line num="462" count="0" type="stmt"/>
        <line num="463" count="0" type="stmt"/>
        <line num="464" count="0" type="stmt"/>
        <line num="466" count="0" type="stmt"/>
        <line num="467" count="0" type="stmt"/>
        <line num="468" count="0" type="stmt"/>
        <line num="469" count="0" type="stmt"/>
        <line num="470" count="0" type="stmt"/>
        <line num="471" count="0" type="stmt"/>
        <line num="473" count="0" type="stmt"/>
        <line num="474" count="0" type="stmt"/>
        <line num="475" count="0" type="stmt"/>
        <line num="476" count="0" type="stmt"/>
        <line num="478" count="0" type="stmt"/>
        <line num="479" count="0" type="stmt"/>
        <line num="480" count="0" type="stmt"/>
        <line num="482" count="0" type="stmt"/>
        <line num="483" count="0" type="stmt"/>
        <line num="484" count="0" type="stmt"/>
        <line num="485" count="0" type="stmt"/>
        <line num="486" count="0" type="stmt"/>
        <line num="487" count="0" type="stmt"/>
        <line num="488" count="0" type="stmt"/>
        <line num="489" count="0" type="stmt"/>
        <line num="490" count="0" type="stmt"/>
        <line num="492" count="0" type="stmt"/>
        <line num="493" count="0" type="stmt"/>
        <line num="494" count="0" type="stmt"/>
        <line num="495" count="0" type="stmt"/>
        <line num="496" count="0" type="stmt"/>
        <line num="497" count="0" type="stmt"/>
        <line num="498" count="0" type="stmt"/>
        <line num="499" count="0" type="stmt"/>
        <line num="500" count="0" type="stmt"/>
        <line num="501" count="0" type="stmt"/>
        <line num="503" count="0" type="stmt"/>
        <line num="504" count="0" type="stmt"/>
        <line num="505" count="0" type="stmt"/>
        <line num="506" count="0" type="stmt"/>
        <line num="509" count="21" type="cond" truecount="1" falsecount="0"/>
        <line num="510" count="21" type="stmt"/>
        <line num="511" count="21" type="cond" truecount="1" falsecount="0"/>
        <line num="513" count="21" type="cond" truecount="1" falsecount="0"/>
        <line num="515" count="87" type="stmt"/>
        <line num="516" count="87" type="stmt"/>
        <line num="517" count="87" type="cond" truecount="1" falsecount="0"/>
        <line num="518" count="70" type="stmt"/>
        <line num="519" count="70" type="stmt"/>
        <line num="520" count="70" type="stmt"/>
        <line num="521" count="70" type="cond" truecount="1" falsecount="0"/>
        <line num="522" count="65" type="stmt"/>
        <line num="523" count="65" type="stmt"/>
        <line num="524" count="65" type="stmt"/>
        <line num="525" count="70" type="stmt"/>
        <line num="528" count="87" type="cond" truecount="2" falsecount="0"/>
        <line num="529" count="7" type="stmt"/>
        <line num="530" count="7" type="stmt"/>
        <line num="531" count="7" type="stmt"/>
        <line num="532" count="7" type="stmt"/>
        <line num="534" count="7" type="stmt"/>
        <line num="535" count="7" type="stmt"/>
        <line num="536" count="7" type="stmt"/>
        <line num="537" count="7" type="stmt"/>
        <line num="538" count="7" type="stmt"/>
        <line num="539" count="7" type="stmt"/>
        <line num="540" count="7" type="cond" truecount="1" falsecount="0"/>
        <line num="543" count="80" type="stmt"/>
        <line num="544" count="80" type="stmt"/>
        <line num="545" count="80" type="stmt"/>
        <line num="546" count="80" type="stmt"/>
        <line num="549" count="87" type="cond" truecount="1" falsecount="0"/>
        <line num="550" count="1" type="stmt"/>
        <line num="551" count="1" type="stmt"/>
        <line num="552" count="1" type="cond" truecount="1" falsecount="0"/>
        <line num="555" count="79" type="stmt"/>
        <line num="556" count="79" type="stmt"/>
        <line num="557" count="79" type="stmt"/>
        <line num="558" count="79" type="stmt"/>
        <line num="559" count="21" type="stmt"/>
        <line num="562" count="23" type="cond" truecount="1" falsecount="0"/>
        <line num="563" count="23" type="stmt"/>
        <line num="566" count="23" type="cond" truecount="1" falsecount="0"/>
        <line num="567" count="7" type="stmt"/>
        <line num="568" count="7" type="stmt"/>
        <line num="570" count="7" type="cond" truecount="1" falsecount="0"/>
        <line num="571" count="8" type="stmt"/>
        <line num="572" count="8" type="stmt"/>
        <line num="573" count="8" type="stmt"/>
        <line num="574" count="8" type="cond" truecount="1" falsecount="0"/>
        <line num="575" count="5" type="stmt"/>
        <line num="576" count="5" type="stmt"/>
        <line num="577" count="5" type="stmt"/>
        <line num="578" count="8" type="stmt"/>
        <line num="581" count="7" type="cond" truecount="2" falsecount="0"/>
        <line num="583" count="4" type="cond" truecount="1" falsecount="0"/>
        <line num="584" count="3" type="stmt"/>
        <line num="585" count="4" type="cond" truecount="1" falsecount="0"/>
        <line num="587" count="1" type="stmt"/>
        <line num="588" count="1" type="stmt"/>
        <line num="589" count="1" type="stmt"/>
        <line num="590" count="1" type="stmt"/>
        <line num="591" count="1" type="stmt"/>
        <line num="592" count="1" type="stmt"/>
        <line num="593" count="1" type="stmt"/>
        <line num="594" count="1" type="stmt"/>
        <line num="595" count="1" type="stmt"/>
        <line num="596" count="4" type="stmt"/>
        <line num="598" count="7" type="stmt"/>
        <line num="601" count="23" type="cond" truecount="1" falsecount="0"/>
        <line num="602" count="86" type="cond" truecount="1" falsecount="0"/>
        <line num="603" count="86" type="stmt"/>
        <line num="604" count="23" type="cond" truecount="1" falsecount="0"/>
        <line num="607" count="23" type="cond" truecount="1" falsecount="0"/>
        <line num="608" count="7" type="stmt"/>
        <line num="609" count="7" type="stmt"/>
        <line num="610" count="23" type="cond" truecount="2" falsecount="0"/>
        <line num="611" count="23" type="stmt"/>
        <line num="615" count="4" type="cond" truecount="1" falsecount="0"/>
        <line num="616" count="4" type="cond" truecount="1" falsecount="0"/>
        <line num="617" count="6" type="stmt"/>
        <line num="618" count="6" type="cond" truecount="1" falsecount="0"/>
        <line num="619" count="3" type="stmt"/>
        <line num="620" count="3" type="cond" truecount="0" falsecount="2"/>
        <line num="621" count="0" type="stmt"/>
        <line num="622" count="0" type="stmt"/>
        <line num="623" count="3" type="stmt"/>
        <line num="624" count="3" type="stmt"/>
        <line num="625" count="3" type="stmt"/>
        <line num="626" count="6" type="stmt"/>
        <line num="627" count="4" type="stmt"/>
        <line num="630" count="21" type="cond" truecount="1" falsecount="0"/>
        <line num="631" count="21" type="cond" truecount="1" falsecount="0"/>
        <line num="632" count="18" type="cond" truecount="1" falsecount="0"/>
        <line num="633" count="1" type="stmt"/>
        <line num="634" count="18" type="cond" truecount="1" falsecount="0"/>
        <line num="635" count="17" type="stmt"/>
        <line num="636" count="17" type="stmt"/>
        <line num="637" count="18" type="stmt"/>
        <line num="638" count="18" type="stmt"/>
        <line num="639" count="21" type="stmt"/>
        <line num="641" count="16" type="cond" truecount="1" falsecount="0"/>
        <line num="642" count="16" type="stmt"/>
        <line num="643" count="16" type="stmt"/>
        <line num="644" count="16" type="stmt"/>
        <line num="645" count="16" type="stmt"/>
        <line num="650" count="1" type="stmt"/>
        <line num="652" count="20" type="cond" truecount="1" falsecount="0"/>
        <line num="654" count="20" type="stmt"/>
        <line num="656" count="20" type="cond" truecount="0" falsecount="1"/>
        <line num="657" count="20" type="stmt"/>
        <line num="659" count="20" type="cond" truecount="1" falsecount="0"/>
        <line num="660" count="22" type="stmt"/>
        <line num="661" count="22" type="stmt"/>
        <line num="664" count="22" type="stmt"/>
        <line num="665" count="22" type="stmt"/>
        <line num="666" count="22" type="stmt"/>
        <line num="667" count="22" type="stmt"/>
        <line num="668" count="22" type="stmt"/>
        <line num="669" count="22" type="stmt"/>
        <line num="670" count="22" type="stmt"/>
        <line num="671" count="22" type="stmt"/>
        <line num="672" count="22" type="stmt"/>
        <line num="673" count="22" type="stmt"/>
        <line num="674" count="22" type="stmt"/>
        <line num="675" count="22" type="stmt"/>
        <line num="676" count="22" type="stmt"/>
        <line num="677" count="22" type="stmt"/>
        <line num="678" count="22" type="stmt"/>
        <line num="680" count="22" type="stmt"/>
        <line num="683" count="22" type="stmt"/>
        <line num="685" count="22" type="cond" truecount="1" falsecount="0"/>
        <line num="686" count="2" type="stmt"/>
        <line num="688" count="2" type="cond" truecount="0" falsecount="1"/>
        <line num="690" count="2" type="stmt"/>
        <line num="691" count="2" type="cond" truecount="0" falsecount="1"/>
        <line num="692" count="0" type="stmt"/>
        <line num="693" count="0" type="stmt"/>
        <line num="694" count="0" type="stmt"/>
        <line num="696" count="2" type="stmt"/>
        <line num="697" count="2" type="stmt"/>
        <line num="698" count="2" type="stmt"/>
        <line num="699" count="2" type="stmt"/>
        <line num="700" count="2" type="stmt"/>
        <line num="701" count="2" type="stmt"/>
        <line num="702" count="2" type="stmt"/>
        <line num="703" count="2" type="stmt"/>
        <line num="704" count="22" type="stmt"/>
        <line num="706" count="22" type="stmt"/>
        <line num="707" count="0" type="stmt"/>
        <line num="708" count="0" type="stmt"/>
        <line num="709" count="22" type="stmt"/>
        <line num="711" count="22" type="cond" truecount="1" falsecount="0"/>
        <line num="712" count="4" type="cond" truecount="0" falsecount="1"/>
        <line num="715" count="4" type="cond" truecount="0" falsecount="1"/>
        <line num="718" count="4" type="stmt"/>
        <line num="719" count="4" type="cond" truecount="0" falsecount="1"/>
        <line num="722" count="4" type="stmt"/>
        <line num="723" count="4" type="cond" truecount="0" falsecount="1"/>
        <line num="725" count="4" type="stmt"/>
        <line num="726" count="4" type="stmt"/>
        <line num="729" count="4" type="cond" truecount="1" falsecount="0"/>
        <line num="730" count="1" type="stmt"/>
        <line num="733" count="1" type="stmt"/>
        <line num="734" count="1" type="stmt"/>
        <line num="737" count="1" type="stmt"/>
        <line num="738" count="1" type="cond" truecount="1" falsecount="0"/>
        <line num="739" count="6" type="stmt"/>
        <line num="740" count="6" type="stmt"/>
        <line num="741" count="6" type="stmt"/>
        <line num="744" count="6" type="cond" truecount="2" falsecount="0"/>
        <line num="747" count="1" type="stmt"/>
        <line num="748" count="1" type="stmt"/>
        <line num="749" count="1" type="stmt"/>
        <line num="751" count="1" type="cond" truecount="1" falsecount="1"/>
        <line num="754" count="1" type="stmt"/>
        <line num="755" count="1" type="stmt"/>
        <line num="756" count="1" type="stmt"/>
        <line num="759" count="1" type="cond" truecount="1" falsecount="0"/>
        <line num="760" count="6" type="cond" truecount="0" falsecount="1"/>
        <line num="761" count="6" type="stmt"/>
        <line num="762" count="1" type="cond" truecount="1" falsecount="0"/>
        <line num="765" count="1" type="stmt"/>
        <line num="766" count="1" type="stmt"/>
        <line num="767" count="1" type="stmt"/>
        <line num="768" count="1" type="stmt"/>
        <line num="769" count="1" type="stmt"/>
        <line num="770" count="1" type="stmt"/>
        <line num="771" count="1" type="stmt"/>
        <line num="773" count="1" type="stmt"/>
        <line num="774" count="1" type="cond" truecount="1" falsecount="0"/>
        <line num="777" count="4" type="cond" truecount="1" falsecount="0"/>
        <line num="778" count="2" type="stmt"/>
        <line num="781" count="2" type="cond" truecount="0" falsecount="1"/>
        <line num="782" count="0" type="stmt"/>
        <line num="783" count="0" type="stmt"/>
        <line num="784" count="0" type="stmt"/>
        <line num="787" count="2" type="cond" truecount="1" falsecount="0"/>
        <line num="788" count="1" type="stmt"/>
        <line num="789" count="1" type="stmt"/>
        <line num="790" count="1" type="stmt"/>
        <line num="793" count="1" type="stmt"/>
        <line num="796" count="1" type="stmt"/>
        <line num="799" count="1" type="stmt"/>
        <line num="800" count="2" type="cond" truecount="1" falsecount="0"/>
        <line num="801" count="6" type="stmt"/>
        <line num="802" count="6" type="cond" truecount="1" falsecount="0"/>
        <line num="803" count="2" type="stmt"/>
        <line num="804" count="2" type="stmt"/>
        <line num="805" count="2" type="stmt"/>
        <line num="806" count="6" type="cond" truecount="1" falsecount="0"/>
        <line num="809" count="2" type="cond" truecount="1" falsecount="0"/>
        <line num="810" count="6" type="cond" truecount="0" falsecount="1"/>
        <line num="811" count="6" type="cond" truecount="1" falsecount="0"/>
        <line num="812" count="1" type="cond" truecount="1" falsecount="0"/>
        <line num="815" count="1" type="stmt"/>
        <line num="816" count="1" type="stmt"/>
        <line num="817" count="1" type="stmt"/>
        <line num="818" count="1" type="stmt"/>
        <line num="819" count="1" type="stmt"/>
        <line num="820" count="1" type="stmt"/>
        <line num="821" count="1" type="stmt"/>
        <line num="822" count="1" type="stmt"/>
        <line num="828" count="1" type="stmt"/>
        <line num="829" count="1" type="cond" truecount="1" falsecount="0"/>
        <line num="832" count="1" type="stmt"/>
        <line num="833" count="1" type="stmt"/>
        <line num="834" count="1" type="stmt"/>
        <line num="835" count="1" type="stmt"/>
        <line num="836" count="1" type="stmt"/>
        <line num="837" count="1" type="stmt"/>
        <line num="838" count="1" type="stmt"/>
        <line num="839" count="1" type="stmt"/>
        <line num="840" count="1" type="stmt"/>
        <line num="841" count="1" type="stmt"/>
        <line num="843" count="1" type="stmt"/>
        <line num="844" count="1" type="stmt"/>
        <line num="845" count="1" type="stmt"/>
        <line num="846" count="1" type="stmt"/>
        <line num="847" count="1" type="stmt"/>
        <line num="848" count="1" type="stmt"/>
        <line num="850" count="1" type="stmt"/>
        <line num="851" count="1" type="stmt"/>
        <line num="852" count="22" type="stmt"/>
        <line num="854" count="22" type="cond" truecount="1" falsecount="0"/>
        <line num="855" count="2" type="stmt"/>
        <line num="856" count="2" type="stmt"/>
        <line num="857" count="2" type="stmt"/>
        <line num="858" count="2" type="stmt"/>
        <line num="859" count="2" type="stmt"/>
        <line num="860" count="2" type="stmt"/>
        <line num="861" count="2" type="stmt"/>
        <line num="862" count="22" type="stmt"/>
        <line num="864" count="22" type="stmt"/>
        <line num="865" count="0" type="stmt"/>
        <line num="866" count="0" type="stmt"/>
        <line num="867" count="0" type="stmt"/>
        <line num="868" count="0" type="stmt"/>
        <line num="869" count="0" type="stmt"/>
        <line num="871" count="0" type="stmt"/>
        <line num="872" count="0" type="stmt"/>
        <line num="873" count="22" type="stmt"/>
        <line num="875" count="22" type="cond" truecount="1" falsecount="0"/>
        <line num="876" count="2" type="cond" truecount="1" falsecount="0"/>
        <line num="877" count="1" type="stmt"/>
        <line num="878" count="1" type="stmt"/>
        <line num="879" count="1" type="stmt"/>
        <line num="880" count="1" type="stmt"/>
        <line num="881" count="1" type="stmt"/>
        <line num="882" count="1" type="stmt"/>
        <line num="883" count="1" type="stmt"/>
        <line num="884" count="22" type="stmt"/>
        <line num="886" count="22" type="stmt"/>
        <line num="887" count="0" type="stmt"/>
        <line num="889" count="0" type="stmt"/>
        <line num="890" count="0" type="stmt"/>
        <line num="892" count="0" type="stmt"/>
        <line num="893" count="0" type="stmt"/>
        <line num="895" count="0" type="stmt"/>
        <line num="896" count="0" type="stmt"/>
        <line num="898" count="0" type="stmt"/>
        <line num="900" count="0" type="stmt"/>
        <line num="901" count="0" type="stmt"/>
        <line num="903" count="0" type="stmt"/>
        <line num="904" count="22" type="stmt"/>
        <line num="906" count="22" type="cond" truecount="1" falsecount="0"/>
        <line num="907" count="22" type="stmt"/>
        <line num="908" count="22" type="stmt"/>
        <line num="909" count="22" type="cond" truecount="1" falsecount="0"/>
        <line num="910" count="22" type="stmt"/>
        <line num="912" count="22" type="cond" truecount="1" falsecount="0"/>
        <line num="913" count="20" type="stmt"/>
        <line num="914" count="20" type="stmt"/>
        <line num="915" count="22" type="stmt"/>
        <line num="916" count="20" type="stmt"/>
        <line num="919" count="20" type="cond" truecount="1" falsecount="0"/>
        <line num="920" count="16" type="stmt"/>
        <line num="921" count="16" type="stmt"/>
        <line num="924" count="16" type="stmt"/>
        <line num="927" count="16" type="stmt"/>
        <line num="928" count="16" type="stmt"/>
        <line num="930" count="16" type="stmt"/>
        <line num="931" count="20" type="stmt"/>
        <line num="932" count="20" type="stmt"/>
        <line num="935" count="20" type="stmt"/>
        <line num="936" count="20" type="stmt"/>
        <line num="938" count="20" type="cond" truecount="0" falsecount="1"/>
        <line num="939" count="20" type="cond" truecount="1" falsecount="0"/>
        <line num="940" count="20" type="stmt"/>
        <line num="941" count="20" type="stmt"/>
        <line num="942" count="20" type="stmt"/>
        <line num="943" count="20" type="stmt"/>
        <line num="946" count="1" type="cond" truecount="0" falsecount="1"/>
        <line num="947" count="0" type="stmt"/>
        <line num="948" count="0" type="stmt"/>
        <line num="951" count="1" type="stmt"/>
        <line num="952" count="1" type="stmt"/>
        <line num="953" count="1" type="stmt"/>
        <line num="954" count="1" type="stmt"/>
        <line num="955" count="1" type="stmt"/>
        <line num="956" count="1" type="stmt"/>
        <line num="957" count="1" type="stmt"/>
        <line num="958" count="1" type="stmt"/>
        <line num="959" count="1" type="stmt"/>
        <line num="960" count="1" type="stmt"/>
        <line num="961" count="1" type="stmt"/>
        <line num="962" count="1" type="stmt"/>
        <line num="963" count="1" type="stmt"/>
        <line num="964" count="1" type="stmt"/>
        <line num="966" count="1" type="stmt"/>
        <line num="967" count="1" type="stmt"/>
        <line num="968" count="1" type="stmt"/>
        <line num="970" count="1" type="stmt"/>
        <line num="971" count="1" type="stmt"/>
        <line num="972" count="1" type="stmt"/>
        <line num="973" count="1" type="stmt"/>
        <line num="974" count="1" type="stmt"/>
        <line num="975" count="1" type="stmt"/>
        <line num="976" count="1" type="stmt"/>
        <line num="977" count="1" type="stmt"/>
        <line num="978" count="1" type="stmt"/>
        <line num="979" count="1" type="stmt"/>
        <line num="980" count="1" type="stmt"/>
      </file>
    </package>
  </project>
</coverage>
