{"/home/matt/workspace/autogame/game/client/cards.js": {"path":"/home/matt/workspace/autogame/game/client/cards.js","all":false,"statementMap":{"0":{"start":{"line":1,"column":0},"end":{"line":1,"column":25}},"1":{"start":{"line":2,"column":0},"end":{"line":2,"column":68}},"2":{"start":{"line":3,"column":0},"end":{"line":3,"column":51}},"4":{"start":{"line":5,"column":0},"end":{"line":5,"column":25}},"5":{"start":{"line":6,"column":0},"end":{"line":6,"column":60}},"6":{"start":{"line":7,"column":0},"end":{"line":7,"column":42}},"7":{"start":{"line":8,"column":0},"end":{"line":8,"column":68}},"8":{"start":{"line":9,"column":0},"end":{"line":9,"column":26}},"9":{"start":{"line":10,"column":0},"end":{"line":10,"column":15}},"10":{"start":{"line":11,"column":0},"end":{"line":11,"column":21}},"11":{"start":{"line":12,"column":0},"end":{"line":12,"column":23}},"12":{"start":{"line":13,"column":0},"end":{"line":13,"column":19}},"13":{"start":{"line":14,"column":0},"end":{"line":14,"column":15}},"14":{"start":{"line":15,"column":0},"end":{"line":15,"column":4}},"15":{"start":{"line":16,"column":0},"end":{"line":16,"column":16}},"16":{"start":{"line":17,"column":0},"end":{"line":17,"column":22}},"17":{"start":{"line":18,"column":0},"end":{"line":18,"column":24}},"18":{"start":{"line":19,"column":0},"end":{"line":19,"column":19}},"19":{"start":{"line":20,"column":0},"end":{"line":20,"column":15}},"20":{"start":{"line":21,"column":0},"end":{"line":21,"column":4}},"21":{"start":{"line":22,"column":0},"end":{"line":22,"column":20}},"22":{"start":{"line":23,"column":0},"end":{"line":23,"column":26}},"23":{"start":{"line":24,"column":0},"end":{"line":24,"column":28}},"24":{"start":{"line":25,"column":0},"end":{"line":25,"column":19}},"25":{"start":{"line":26,"column":0},"end":{"line":26,"column":15}},"26":{"start":{"line":27,"column":0},"end":{"line":27,"column":23}},"27":{"start":{"line":28,"column":0},"end":{"line":28,"column":15}},"28":{"start":{"line":29,"column":0},"end":{"line":29,"column":4}},"29":{"start":{"line":30,"column":0},"end":{"line":30,"column":18}},"30":{"start":{"line":31,"column":0},"end":{"line":31,"column":24}},"31":{"start":{"line":32,"column":0},"end":{"line":32,"column":26}},"32":{"start":{"line":33,"column":0},"end":{"line":33,"column":20}},"33":{"start":{"line":34,"column":0},"end":{"line":34,"column":15}},"34":{"start":{"line":35,"column":0},"end":{"line":35,"column":4}},"35":{"start":{"line":36,"column":0},"end":{"line":36,"column":2}},"37":{"start":{"line":38,"column":0},"end":{"line":38,"column":22}},"38":{"start":{"line":39,"column":0},"end":{"line":39,"column":72}},"39":{"start":{"line":40,"column":0},"end":{"line":40,"column":48}},"40":{"start":{"line":41,"column":0},"end":{"line":41,"column":38}},"41":{"start":{"line":42,"column":0},"end":{"line":42,"column":10}},"42":{"start":{"line":43,"column":0},"end":{"line":43,"column":17}},"43":{"start":{"line":44,"column":0},"end":{"line":44,"column":18}},"44":{"start":{"line":45,"column":0},"end":{"line":45,"column":22}},"45":{"start":{"line":46,"column":0},"end":{"line":46,"column":20}},"46":{"start":{"line":47,"column":0},"end":{"line":47,"column":17}},"47":{"start":{"line":48,"column":0},"end":{"line":48,"column":17}},"48":{"start":{"line":49,"column":0},"end":{"line":49,"column":22}},"49":{"start":{"line":50,"column":0},"end":{"line":50,"column":18}},"50":{"start":{"line":51,"column":0},"end":{"line":51,"column":4}},"51":{"start":{"line":52,"column":0},"end":{"line":52,"column":1}},"53":{"start":{"line":54,"column":0},"end":{"line":54,"column":21}},"54":{"start":{"line":55,"column":0},"end":{"line":55,"column":82}},"55":{"start":{"line":56,"column":0},"end":{"line":56,"column":32}},"56":{"start":{"line":57,"column":0},"end":{"line":57,"column":42}},"57":{"start":{"line":58,"column":0},"end":{"line":58,"column":42}},"58":{"start":{"line":59,"column":0},"end":{"line":59,"column":44}},"59":{"start":{"line":60,"column":0},"end":{"line":60,"column":2}},"61":{"start":{"line":62,"column":0},"end":{"line":62,"column":29}},"62":{"start":{"line":63,"column":0},"end":{"line":63,"column":85}},"63":{"start":{"line":64,"column":0},"end":{"line":64,"column":39}},"64":{"start":{"line":65,"column":0},"end":{"line":65,"column":39}},"65":{"start":{"line":66,"column":0},"end":{"line":66,"column":40}},"66":{"start":{"line":67,"column":0},"end":{"line":67,"column":45}},"67":{"start":{"line":68,"column":0},"end":{"line":68,"column":55}},"68":{"start":{"line":69,"column":0},"end":{"line":69,"column":55}},"69":{"start":{"line":70,"column":0},"end":{"line":70,"column":57}},"70":{"start":{"line":71,"column":0},"end":{"line":71,"column":1}}},"s":{"0":1,"1":1,"2":1,"4":1,"5":1,"6":1,"7":1,"8":1,"9":1,"10":1,"11":1,"12":1,"13":1,"14":1,"15":1,"16":1,"17":1,"18":1,"19":1,"20":1,"21":1,"22":1,"23":1,"24":1,"25":1,"26":1,"27":1,"28":1,"29":1,"30":1,"31":1,"32":1,"33":1,"34":1,"35":1,"37":1,"38":1,"39":1,"40":1,"41":11,"42":11,"43":11,"44":11,"45":11,"46":11,"47":11,"48":11,"49":11,"50":11,"51":11,"53":1,"54":1,"55":1,"56":1,"57":1,"58":1,"59":1,"61":1,"62":1,"63":1,"64":1,"65":1,"66":1,"67":8,"68":8,"69":8,"70":8},"branchMap":{"0":{"type":"branch","line":67,"loc":{"start":{"line":67,"column":44},"end":{"line":71,"column":1}},"locations":[{"start":{"line":67,"column":44},"end":{"line":71,"column":1}}]},"1":{"type":"branch","line":68,"loc":{"start":{"line":68,"column":29},"end":{"line":68,"column":55}},"locations":[{"start":{"line":68,"column":29},"end":{"line":68,"column":55}}]},"2":{"type":"branch","line":69,"loc":{"start":{"line":69,"column":29},"end":{"line":69,"column":55}},"locations":[{"start":{"line":69,"column":29},"end":{"line":69,"column":55}}]},"3":{"type":"branch","line":70,"loc":{"start":{"line":70,"column":30},"end":{"line":70,"column":57}},"locations":[{"start":{"line":70,"column":30},"end":{"line":70,"column":57}}]},"4":{"type":"branch","line":41,"loc":{"start":{"line":41,"column":7},"end":{"line":52,"column":1}},"locations":[{"start":{"line":41,"column":7},"end":{"line":52,"column":1}}]}},"b":{"0":[8],"1":[4],"2":[2],"3":[2],"4":[11]},"fnMap":{"0":{"name":"createStartingDeck","decl":{"start":{"line":41,"column":7},"end":{"line":52,"column":1}},"loc":{"start":{"line":41,"column":7},"end":{"line":52,"column":1}},"line":41}},"f":{"0":11}}
,"/home/matt/workspace/autogame/game/server/index.js": {"path":"/home/matt/workspace/autogame/game/server/index.js","all":false,"statementMap":{"0":{"start":{"line":1,"column":0},"end":{"line":1,"column":35}},"1":{"start":{"line":2,"column":0},"end":{"line":2,"column":40}},"2":{"start":{"line":3,"column":0},"end":{"line":3,"column":29}},"3":{"start":{"line":4,"column":0},"end":{"line":4,"column":33}},"5":{"start":{"line":6,"column":0},"end":{"line":6,"column":22}},"6":{"start":{"line":7,"column":0},"end":{"line":7,"column":38}},"7":{"start":{"line":8,"column":0},"end":{"line":8,"column":31}},"8":{"start":{"line":9,"column":0},"end":{"line":9,"column":9}},"9":{"start":{"line":10,"column":0},"end":{"line":10,"column":47}},"10":{"start":{"line":11,"column":0},"end":{"line":11,"column":28}},"11":{"start":{"line":12,"column":0},"end":{"line":12,"column":3}},"12":{"start":{"line":13,"column":0},"end":{"line":13,"column":3}},"16":{"start":{"line":17,"column":0},"end":{"line":17,"column":27}},"17":{"start":{"line":18,"column":0},"end":{"line":18,"column":50}},"18":{"start":{"line":19,"column":0},"end":{"line":19,"column":22}},"19":{"start":{"line":20,"column":0},"end":{"line":20,"column":29}},"20":{"start":{"line":21,"column":0},"end":{"line":21,"column":45}},"21":{"start":{"line":22,"column":0},"end":{"line":22,"column":51}},"22":{"start":{"line":23,"column":0},"end":{"line":23,"column":49}},"23":{"start":{"line":24,"column":0},"end":{"line":24,"column":4}},"24":{"start":{"line":25,"column":0},"end":{"line":25,"column":1}},"29":{"start":{"line":30,"column":0},"end":{"line":30,"column":20}},"30":{"start":{"line":31,"column":0},"end":{"line":31,"column":20}},"31":{"start":{"line":32,"column":0},"end":{"line":32,"column":76}},"32":{"start":{"line":33,"column":0},"end":{"line":33,"column":25}},"33":{"start":{"line":34,"column":0},"end":{"line":34,"column":35}},"34":{"start":{"line":35,"column":0},"end":{"line":35,"column":24}},"40":{"start":{"line":41,"column":0},"end":{"line":41,"column":31}},"41":{"start":{"line":42,"column":0},"end":{"line":42,"column":31}},"46":{"start":{"line":47,"column":0},"end":{"line":47,"column":18}},"47":{"start":{"line":48,"column":0},"end":{"line":48,"column":39}},"48":{"start":{"line":49,"column":0},"end":{"line":49,"column":47}},"49":{"start":{"line":50,"column":0},"end":{"line":50,"column":3}},"50":{"start":{"line":51,"column":0},"end":{"line":51,"column":45}},"52":{"start":{"line":53,"column":0},"end":{"line":53,"column":47}},"53":{"start":{"line":54,"column":0},"end":{"line":54,"column":47}},"54":{"start":{"line":55,"column":0},"end":{"line":55,"column":63}},"55":{"start":{"line":56,"column":0},"end":{"line":56,"column":63}},"56":{"start":{"line":57,"column":0},"end":{"line":57,"column":30}},"57":{"start":{"line":58,"column":0},"end":{"line":58,"column":69}},"60":{"start":{"line":61,"column":0},"end":{"line":61,"column":41}},"61":{"start":{"line":62,"column":0},"end":{"line":62,"column":95}},"63":{"start":{"line":64,"column":0},"end":{"line":64,"column":46}},"65":{"start":{"line":66,"column":0},"end":{"line":66,"column":24}},"66":{"start":{"line":67,"column":0},"end":{"line":67,"column":39}},"67":{"start":{"line":68,"column":0},"end":{"line":68,"column":54}},"68":{"start":{"line":69,"column":0},"end":{"line":69,"column":36}},"69":{"start":{"line":70,"column":0},"end":{"line":70,"column":31}},"70":{"start":{"line":71,"column":0},"end":{"line":71,"column":31}},"71":{"start":{"line":72,"column":0},"end":{"line":72,"column":86}},"72":{"start":{"line":73,"column":0},"end":{"line":73,"column":42}},"73":{"start":{"line":74,"column":0},"end":{"line":74,"column":9}},"74":{"start":{"line":75,"column":0},"end":{"line":75,"column":7}},"75":{"start":{"line":76,"column":0},"end":{"line":76,"column":5}},"77":{"start":{"line":78,"column":0},"end":{"line":78,"column":53}},"80":{"start":{"line":81,"column":0},"end":{"line":81,"column":63}},"81":{"start":{"line":82,"column":0},"end":{"line":82,"column":32}},"82":{"start":{"line":83,"column":0},"end":{"line":83,"column":61}},"83":{"start":{"line":84,"column":0},"end":{"line":84,"column":61}},"84":{"start":{"line":85,"column":0},"end":{"line":85,"column":63}},"85":{"start":{"line":86,"column":0},"end":{"line":86,"column":3}},"89":{"start":{"line":90,"column":0},"end":{"line":90,"column":28}},"90":{"start":{"line":91,"column":0},"end":{"line":91,"column":80}},"91":{"start":{"line":92,"column":0},"end":{"line":92,"column":36}},"94":{"start":{"line":95,"column":0},"end":{"line":95,"column":60}},"95":{"start":{"line":96,"column":0},"end":{"line":96,"column":27}},"96":{"start":{"line":97,"column":0},"end":{"line":97,"column":24}},"98":{"start":{"line":99,"column":0},"end":{"line":99,"column":28}},"99":{"start":{"line":100,"column":0},"end":{"line":100,"column":40}},"100":{"start":{"line":101,"column":0},"end":{"line":101,"column":36}},"101":{"start":{"line":102,"column":0},"end":{"line":102,"column":25}},"104":{"start":{"line":105,"column":0},"end":{"line":105,"column":52}},"105":{"start":{"line":106,"column":0},"end":{"line":106,"column":34}},"106":{"start":{"line":107,"column":0},"end":{"line":107,"column":29}},"107":{"start":{"line":108,"column":0},"end":{"line":108,"column":29}},"108":{"start":{"line":109,"column":0},"end":{"line":109,"column":83}},"109":{"start":{"line":110,"column":0},"end":{"line":110,"column":79}},"110":{"start":{"line":111,"column":0},"end":{"line":111,"column":46}},"111":{"start":{"line":112,"column":0},"end":{"line":112,"column":31}},"112":{"start":{"line":113,"column":0},"end":{"line":113,"column":9}},"113":{"start":{"line":114,"column":0},"end":{"line":114,"column":7}},"114":{"start":{"line":115,"column":0},"end":{"line":115,"column":5}},"116":{"start":{"line":117,"column":0},"end":{"line":117,"column":31}},"118":{"start":{"line":119,"column":0},"end":{"line":119,"column":70}},"119":{"start":{"line":120,"column":0},"end":{"line":120,"column":26}},"120":{"start":{"line":121,"column":0},"end":{"line":121,"column":27}},"121":{"start":{"line":122,"column":0},"end":{"line":122,"column":48}},"122":{"start":{"line":123,"column":0},"end":{"line":123,"column":12}},"123":{"start":{"line":124,"column":0},"end":{"line":124,"column":18}},"124":{"start":{"line":125,"column":0},"end":{"line":125,"column":5}},"125":{"start":{"line":126,"column":0},"end":{"line":126,"column":3}},"128":{"start":{"line":129,"column":0},"end":{"line":129,"column":27}},"129":{"start":{"line":130,"column":0},"end":{"line":130,"column":37}},"130":{"start":{"line":131,"column":0},"end":{"line":131,"column":52}},"131":{"start":{"line":132,"column":0},"end":{"line":132,"column":34}},"132":{"start":{"line":133,"column":0},"end":{"line":133,"column":29}},"133":{"start":{"line":134,"column":0},"end":{"line":134,"column":29}},"134":{"start":{"line":135,"column":0},"end":{"line":135,"column":83}},"135":{"start":{"line":136,"column":0},"end":{"line":136,"column":79}},"136":{"start":{"line":137,"column":0},"end":{"line":137,"column":49}},"137":{"start":{"line":138,"column":0},"end":{"line":138,"column":59}},"138":{"start":{"line":139,"column":0},"end":{"line":139,"column":43}},"139":{"start":{"line":140,"column":0},"end":{"line":140,"column":84}},"140":{"start":{"line":141,"column":0},"end":{"line":141,"column":12}},"141":{"start":{"line":142,"column":0},"end":{"line":142,"column":68}},"142":{"start":{"line":143,"column":0},"end":{"line":143,"column":9}},"143":{"start":{"line":144,"column":0},"end":{"line":144,"column":7}},"144":{"start":{"line":145,"column":0},"end":{"line":145,"column":5}},"145":{"start":{"line":146,"column":0},"end":{"line":146,"column":3}},"147":{"start":{"line":148,"column":0},"end":{"line":148,"column":54}},"148":{"start":{"line":149,"column":0},"end":{"line":149,"column":42}},"149":{"start":{"line":150,"column":0},"end":{"line":150,"column":80}},"150":{"start":{"line":151,"column":0},"end":{"line":151,"column":3}},"151":{"start":{"line":152,"column":0},"end":{"line":152,"column":92}},"152":{"start":{"line":153,"column":0},"end":{"line":153,"column":40}},"153":{"start":{"line":154,"column":0},"end":{"line":154,"column":36}},"154":{"start":{"line":155,"column":0},"end":{"line":155,"column":3}},"158":{"start":{"line":159,"column":0},"end":{"line":159,"column":58}},"159":{"start":{"line":160,"column":0},"end":{"line":160,"column":29}},"160":{"start":{"line":161,"column":0},"end":{"line":161,"column":39}},"161":{"start":{"line":162,"column":0},"end":{"line":162,"column":35}},"162":{"start":{"line":163,"column":0},"end":{"line":163,"column":96}},"163":{"start":{"line":164,"column":0},"end":{"line":164,"column":96}},"164":{"start":{"line":165,"column":0},"end":{"line":165,"column":99}},"165":{"start":{"line":166,"column":0},"end":{"line":166,"column":99}},"166":{"start":{"line":167,"column":0},"end":{"line":167,"column":3}},"169":{"start":{"line":170,"column":0},"end":{"line":170,"column":50}},"170":{"start":{"line":171,"column":0},"end":{"line":171,"column":100}},"171":{"start":{"line":172,"column":0},"end":{"line":172,"column":100}},"172":{"start":{"line":173,"column":0},"end":{"line":173,"column":28}},"173":{"start":{"line":174,"column":0},"end":{"line":174,"column":28}},"174":{"start":{"line":175,"column":0},"end":{"line":175,"column":36}},"175":{"start":{"line":176,"column":0},"end":{"line":176,"column":21}},"176":{"start":{"line":177,"column":0},"end":{"line":177,"column":30}},"179":{"start":{"line":180,"column":0},"end":{"line":180,"column":27}},"180":{"start":{"line":181,"column":0},"end":{"line":181,"column":77}},"181":{"start":{"line":182,"column":0},"end":{"line":182,"column":12}},"182":{"start":{"line":183,"column":0},"end":{"line":183,"column":39}},"183":{"start":{"line":184,"column":0},"end":{"line":184,"column":101}},"184":{"start":{"line":185,"column":0},"end":{"line":185,"column":101}},"185":{"start":{"line":186,"column":0},"end":{"line":186,"column":5}},"188":{"start":{"line":189,"column":0},"end":{"line":189,"column":29}},"189":{"start":{"line":190,"column":0},"end":{"line":190,"column":77}},"190":{"start":{"line":191,"column":0},"end":{"line":191,"column":12}},"191":{"start":{"line":192,"column":0},"end":{"line":192,"column":39}},"192":{"start":{"line":193,"column":0},"end":{"line":193,"column":101}},"193":{"start":{"line":194,"column":0},"end":{"line":194,"column":101}},"194":{"start":{"line":195,"column":0},"end":{"line":195,"column":5}},"197":{"start":{"line":198,"column":0},"end":{"line":198,"column":29}},"198":{"start":{"line":199,"column":0},"end":{"line":199,"column":77}},"199":{"start":{"line":200,"column":0},"end":{"line":200,"column":12}},"200":{"start":{"line":201,"column":0},"end":{"line":201,"column":39}},"201":{"start":{"line":202,"column":0},"end":{"line":202,"column":101}},"202":{"start":{"line":203,"column":0},"end":{"line":203,"column":101}},"203":{"start":{"line":204,"column":0},"end":{"line":204,"column":5}},"206":{"start":{"line":207,"column":0},"end":{"line":207,"column":30}},"207":{"start":{"line":208,"column":0},"end":{"line":208,"column":77}},"208":{"start":{"line":209,"column":0},"end":{"line":209,"column":12}},"209":{"start":{"line":210,"column":0},"end":{"line":210,"column":39}},"210":{"start":{"line":211,"column":0},"end":{"line":211,"column":101}},"211":{"start":{"line":212,"column":0},"end":{"line":212,"column":101}},"212":{"start":{"line":213,"column":0},"end":{"line":213,"column":5}},"214":{"start":{"line":215,"column":0},"end":{"line":215,"column":57}},"215":{"start":{"line":216,"column":0},"end":{"line":216,"column":5}},"218":{"start":{"line":219,"column":0},"end":{"line":219,"column":44}},"219":{"start":{"line":220,"column":0},"end":{"line":220,"column":39}},"220":{"start":{"line":221,"column":0},"end":{"line":221,"column":35}},"221":{"start":{"line":222,"column":0},"end":{"line":222,"column":21}},"222":{"start":{"line":223,"column":0},"end":{"line":223,"column":38}},"225":{"start":{"line":226,"column":0},"end":{"line":226,"column":26}},"226":{"start":{"line":227,"column":0},"end":{"line":227,"column":46}},"227":{"start":{"line":228,"column":0},"end":{"line":228,"column":91}},"228":{"start":{"line":229,"column":0},"end":{"line":229,"column":91}},"229":{"start":{"line":230,"column":0},"end":{"line":230,"column":5}},"232":{"start":{"line":233,"column":0},"end":{"line":233,"column":26}},"233":{"start":{"line":234,"column":0},"end":{"line":234,"column":46}},"234":{"start":{"line":235,"column":0},"end":{"line":235,"column":91}},"235":{"start":{"line":236,"column":0},"end":{"line":236,"column":91}},"236":{"start":{"line":237,"column":0},"end":{"line":237,"column":5}},"238":{"start":{"line":239,"column":0},"end":{"line":239,"column":65}},"239":{"start":{"line":240,"column":0},"end":{"line":240,"column":5}},"241":{"start":{"line":242,"column":0},"end":{"line":242,"column":45}},"242":{"start":{"line":243,"column":0},"end":{"line":243,"column":1}},"245":{"start":{"line":246,"column":0},"end":{"line":246,"column":28}},"246":{"start":{"line":247,"column":0},"end":{"line":247,"column":10}},"247":{"start":{"line":248,"column":0},"end":{"line":248,"column":16}},"248":{"start":{"line":249,"column":0},"end":{"line":249,"column":16}},"249":{"start":{"line":250,"column":0},"end":{"line":250,"column":16}},"250":{"start":{"line":251,"column":0},"end":{"line":251,"column":13}},"251":{"start":{"line":252,"column":0},"end":{"line":252,"column":14}},"252":{"start":{"line":253,"column":0},"end":{"line":253,"column":22}},"253":{"start":{"line":254,"column":0},"end":{"line":254,"column":4}},"254":{"start":{"line":255,"column":0},"end":{"line":255,"column":1}},"257":{"start":{"line":258,"column":0},"end":{"line":258,"column":36}},"260":{"start":{"line":261,"column":0},"end":{"line":261,"column":58}},"261":{"start":{"line":262,"column":0},"end":{"line":262,"column":34}},"262":{"start":{"line":263,"column":0},"end":{"line":263,"column":46}},"263":{"start":{"line":264,"column":0},"end":{"line":264,"column":93}},"265":{"start":{"line":266,"column":0},"end":{"line":266,"column":24}},"266":{"start":{"line":267,"column":0},"end":{"line":267,"column":24}},"268":{"start":{"line":269,"column":0},"end":{"line":269,"column":39}},"269":{"start":{"line":270,"column":0},"end":{"line":270,"column":22}},"270":{"start":{"line":271,"column":0},"end":{"line":271,"column":23}},"271":{"start":{"line":272,"column":0},"end":{"line":272,"column":22}},"272":{"start":{"line":273,"column":0},"end":{"line":273,"column":23}},"274":{"start":{"line":275,"column":0},"end":{"line":275,"column":36}},"275":{"start":{"line":276,"column":0},"end":{"line":276,"column":33}},"276":{"start":{"line":277,"column":0},"end":{"line":277,"column":33}},"277":{"start":{"line":278,"column":0},"end":{"line":278,"column":42}},"278":{"start":{"line":279,"column":0},"end":{"line":279,"column":42}},"279":{"start":{"line":280,"column":0},"end":{"line":280,"column":42}},"280":{"start":{"line":281,"column":0},"end":{"line":281,"column":42}},"281":{"start":{"line":282,"column":0},"end":{"line":282,"column":3}},"283":{"start":{"line":284,"column":0},"end":{"line":284,"column":10}},"284":{"start":{"line":285,"column":0},"end":{"line":285,"column":31}},"285":{"start":{"line":286,"column":0},"end":{"line":286,"column":31}},"286":{"start":{"line":287,"column":0},"end":{"line":287,"column":31}},"287":{"start":{"line":288,"column":0},"end":{"line":288,"column":31}},"288":{"start":{"line":289,"column":0},"end":{"line":289,"column":4}},"289":{"start":{"line":290,"column":0},"end":{"line":290,"column":1}},"291":{"start":{"line":292,"column":0},"end":{"line":292,"column":30}},"292":{"start":{"line":293,"column":0},"end":{"line":293,"column":42}},"293":{"start":{"line":294,"column":0},"end":{"line":294,"column":36}},"294":{"start":{"line":295,"column":0},"end":{"line":295,"column":1}},"296":{"start":{"line":297,"column":0},"end":{"line":297,"column":31}},"297":{"start":{"line":298,"column":0},"end":{"line":298,"column":97}},"298":{"start":{"line":299,"column":0},"end":{"line":299,"column":60}},"299":{"start":{"line":300,"column":0},"end":{"line":300,"column":60}},"300":{"start":{"line":301,"column":0},"end":{"line":301,"column":10}},"301":{"start":{"line":302,"column":0},"end":{"line":302,"column":48}},"302":{"start":{"line":303,"column":0},"end":{"line":303,"column":48}},"303":{"start":{"line":304,"column":0},"end":{"line":304,"column":4}},"304":{"start":{"line":305,"column":0},"end":{"line":305,"column":1}},"306":{"start":{"line":307,"column":0},"end":{"line":307,"column":31}},"307":{"start":{"line":308,"column":0},"end":{"line":308,"column":41}},"308":{"start":{"line":309,"column":0},"end":{"line":309,"column":10}},"309":{"start":{"line":310,"column":0},"end":{"line":310,"column":55}},"310":{"start":{"line":311,"column":0},"end":{"line":311,"column":55}},"311":{"start":{"line":312,"column":0},"end":{"line":312,"column":4}},"312":{"start":{"line":313,"column":0},"end":{"line":313,"column":1}},"314":{"start":{"line":315,"column":0},"end":{"line":315,"column":65}},"315":{"start":{"line":316,"column":0},"end":{"line":316,"column":223}},"321":{"start":{"line":322,"column":0},"end":{"line":322,"column":27}},"322":{"start":{"line":323,"column":0},"end":{"line":323,"column":34}},"323":{"start":{"line":324,"column":0},"end":{"line":324,"column":59}},"324":{"start":{"line":325,"column":0},"end":{"line":325,"column":34}},"325":{"start":{"line":326,"column":0},"end":{"line":326,"column":54}},"326":{"start":{"line":327,"column":0},"end":{"line":327,"column":30}},"327":{"start":{"line":328,"column":0},"end":{"line":328,"column":42}},"328":{"start":{"line":329,"column":0},"end":{"line":329,"column":67}},"329":{"start":{"line":330,"column":0},"end":{"line":330,"column":1}},"331":{"start":{"line":332,"column":0},"end":{"line":332,"column":44}},"332":{"start":{"line":333,"column":0},"end":{"line":333,"column":43}},"333":{"start":{"line":334,"column":0},"end":{"line":334,"column":36}},"334":{"start":{"line":335,"column":0},"end":{"line":335,"column":44}},"336":{"start":{"line":337,"column":0},"end":{"line":337,"column":29}},"337":{"start":{"line":338,"column":0},"end":{"line":338,"column":40}},"338":{"start":{"line":339,"column":0},"end":{"line":339,"column":33}},"339":{"start":{"line":340,"column":0},"end":{"line":340,"column":20}},"340":{"start":{"line":341,"column":0},"end":{"line":341,"column":17}},"341":{"start":{"line":342,"column":0},"end":{"line":342,"column":26}},"342":{"start":{"line":343,"column":0},"end":{"line":343,"column":3}},"345":{"start":{"line":346,"column":0},"end":{"line":346,"column":19}},"346":{"start":{"line":347,"column":0},"end":{"line":347,"column":95}},"347":{"start":{"line":348,"column":0},"end":{"line":348,"column":98}},"348":{"start":{"line":349,"column":0},"end":{"line":349,"column":130}},"349":{"start":{"line":350,"column":0},"end":{"line":350,"column":93}},"350":{"start":{"line":351,"column":0},"end":{"line":351,"column":2}},"353":{"start":{"line":354,"column":0},"end":{"line":354,"column":47}},"356":{"start":{"line":357,"column":0},"end":{"line":357,"column":54}},"357":{"start":{"line":358,"column":0},"end":{"line":358,"column":64}},"358":{"start":{"line":359,"column":0},"end":{"line":359,"column":44}},"361":{"start":{"line":362,"column":0},"end":{"line":362,"column":28}},"362":{"start":{"line":363,"column":0},"end":{"line":363,"column":62}},"363":{"start":{"line":364,"column":0},"end":{"line":364,"column":7}},"364":{"start":{"line":365,"column":0},"end":{"line":365,"column":18}},"365":{"start":{"line":366,"column":0},"end":{"line":366,"column":6}},"366":{"start":{"line":367,"column":0},"end":{"line":367,"column":1}},"369":{"start":{"line":370,"column":0},"end":{"line":370,"column":33}},"370":{"start":{"line":371,"column":0},"end":{"line":371,"column":26}},"371":{"start":{"line":372,"column":0},"end":{"line":372,"column":31}},"372":{"start":{"line":373,"column":0},"end":{"line":373,"column":34}},"373":{"start":{"line":374,"column":0},"end":{"line":374,"column":5}},"374":{"start":{"line":375,"column":0},"end":{"line":375,"column":1}},"377":{"start":{"line":378,"column":0},"end":{"line":378,"column":26}},"378":{"start":{"line":379,"column":0},"end":{"line":379,"column":47}},"379":{"start":{"line":380,"column":0},"end":{"line":380,"column":50}},"380":{"start":{"line":381,"column":0},"end":{"line":381,"column":36}},"381":{"start":{"line":382,"column":0},"end":{"line":382,"column":25}},"382":{"start":{"line":383,"column":0},"end":{"line":383,"column":3}},"383":{"start":{"line":384,"column":0},"end":{"line":384,"column":1}},"386":{"start":{"line":387,"column":0},"end":{"line":387,"column":41}},"387":{"start":{"line":388,"column":0},"end":{"line":388,"column":45}},"388":{"start":{"line":389,"column":0},"end":{"line":389,"column":22}},"390":{"start":{"line":391,"column":0},"end":{"line":391,"column":46}},"392":{"start":{"line":393,"column":0},"end":{"line":393,"column":39}},"393":{"start":{"line":394,"column":0},"end":{"line":394,"column":23}},"395":{"start":{"line":396,"column":0},"end":{"line":396,"column":22}},"396":{"start":{"line":397,"column":0},"end":{"line":397,"column":44}},"397":{"start":{"line":398,"column":0},"end":{"line":398,"column":53}},"398":{"start":{"line":399,"column":0},"end":{"line":399,"column":40}},"399":{"start":{"line":400,"column":0},"end":{"line":400,"column":17}},"400":{"start":{"line":401,"column":0},"end":{"line":401,"column":21}},"401":{"start":{"line":402,"column":0},"end":{"line":402,"column":20}},"402":{"start":{"line":403,"column":0},"end":{"line":403,"column":16}},"403":{"start":{"line":404,"column":0},"end":{"line":404,"column":20}},"404":{"start":{"line":405,"column":0},"end":{"line":405,"column":13}},"405":{"start":{"line":406,"column":0},"end":{"line":406,"column":3}},"406":{"start":{"line":407,"column":0},"end":{"line":407,"column":1}},"408":{"start":{"line":409,"column":0},"end":{"line":409,"column":31}},"409":{"start":{"line":410,"column":0},"end":{"line":410,"column":30}},"410":{"start":{"line":411,"column":0},"end":{"line":411,"column":1}},"413":{"start":{"line":414,"column":0},"end":{"line":414,"column":25}},"414":{"start":{"line":415,"column":0},"end":{"line":415,"column":31}},"415":{"start":{"line":416,"column":0},"end":{"line":416,"column":42}},"416":{"start":{"line":417,"column":0},"end":{"line":417,"column":28}},"417":{"start":{"line":418,"column":0},"end":{"line":418,"column":30}},"418":{"start":{"line":419,"column":0},"end":{"line":419,"column":20}},"419":{"start":{"line":420,"column":0},"end":{"line":420,"column":20}},"420":{"start":{"line":421,"column":0},"end":{"line":421,"column":13}},"421":{"start":{"line":422,"column":0},"end":{"line":422,"column":20}},"422":{"start":{"line":423,"column":0},"end":{"line":423,"column":40}},"423":{"start":{"line":424,"column":0},"end":{"line":424,"column":7}},"424":{"start":{"line":425,"column":0},"end":{"line":425,"column":3}},"425":{"start":{"line":426,"column":0},"end":{"line":426,"column":1}},"428":{"start":{"line":429,"column":0},"end":{"line":429,"column":26}},"429":{"start":{"line":430,"column":0},"end":{"line":430,"column":35}},"431":{"start":{"line":432,"column":0},"end":{"line":432,"column":51}},"432":{"start":{"line":433,"column":0},"end":{"line":433,"column":33}},"433":{"start":{"line":434,"column":0},"end":{"line":434,"column":66}},"434":{"start":{"line":435,"column":0},"end":{"line":435,"column":56}},"435":{"start":{"line":436,"column":0},"end":{"line":436,"column":1}},"437":{"start":{"line":438,"column":0},"end":{"line":438,"column":41}},"438":{"start":{"line":439,"column":0},"end":{"line":439,"column":61}},"439":{"start":{"line":440,"column":0},"end":{"line":440,"column":58}},"441":{"start":{"line":442,"column":0},"end":{"line":442,"column":49}},"442":{"start":{"line":443,"column":0},"end":{"line":443,"column":55}},"443":{"start":{"line":444,"column":0},"end":{"line":444,"column":51}},"444":{"start":{"line":445,"column":0},"end":{"line":445,"column":101}},"445":{"start":{"line":446,"column":0},"end":{"line":446,"column":93}},"446":{"start":{"line":447,"column":0},"end":{"line":447,"column":78}},"448":{"start":{"line":449,"column":0},"end":{"line":449,"column":50}},"449":{"start":{"line":450,"column":0},"end":{"line":450,"column":1}},"451":{"start":{"line":452,"column":0},"end":{"line":452,"column":34}},"452":{"start":{"line":453,"column":0},"end":{"line":453,"column":91}},"453":{"start":{"line":454,"column":0},"end":{"line":454,"column":21}},"455":{"start":{"line":456,"column":0},"end":{"line":456,"column":26}},"456":{"start":{"line":457,"column":0},"end":{"line":457,"column":28}},"457":{"start":{"line":458,"column":0},"end":{"line":458,"column":13}},"458":{"start":{"line":459,"column":0},"end":{"line":459,"column":6}},"459":{"start":{"line":460,"column":0},"end":{"line":460,"column":11}},"460":{"start":{"line":461,"column":0},"end":{"line":461,"column":18}},"461":{"start":{"line":462,"column":0},"end":{"line":462,"column":33}},"462":{"start":{"line":463,"column":0},"end":{"line":463,"column":5}},"463":{"start":{"line":464,"column":0},"end":{"line":464,"column":1}},"465":{"start":{"line":466,"column":0},"end":{"line":466,"column":30}},"466":{"start":{"line":467,"column":0},"end":{"line":467,"column":42}},"467":{"start":{"line":468,"column":0},"end":{"line":468,"column":36}},"468":{"start":{"line":469,"column":0},"end":{"line":469,"column":25}},"469":{"start":{"line":470,"column":0},"end":{"line":470,"column":3}},"470":{"start":{"line":471,"column":0},"end":{"line":471,"column":1}},"472":{"start":{"line":473,"column":0},"end":{"line":473,"column":43}},"473":{"start":{"line":474,"column":0},"end":{"line":474,"column":35}},"474":{"start":{"line":475,"column":0},"end":{"line":475,"column":68}},"475":{"start":{"line":476,"column":0},"end":{"line":476,"column":3}},"477":{"start":{"line":478,"column":0},"end":{"line":478,"column":46}},"478":{"start":{"line":479,"column":0},"end":{"line":479,"column":76}},"479":{"start":{"line":480,"column":0},"end":{"line":480,"column":36}},"481":{"start":{"line":482,"column":0},"end":{"line":482,"column":22}},"482":{"start":{"line":483,"column":0},"end":{"line":483,"column":22}},"483":{"start":{"line":484,"column":0},"end":{"line":484,"column":21}},"484":{"start":{"line":485,"column":0},"end":{"line":485,"column":17}},"485":{"start":{"line":486,"column":0},"end":{"line":486,"column":21}},"486":{"start":{"line":487,"column":0},"end":{"line":487,"column":30}},"487":{"start":{"line":488,"column":0},"end":{"line":488,"column":32}},"488":{"start":{"line":489,"column":0},"end":{"line":489,"column":22}},"489":{"start":{"line":490,"column":0},"end":{"line":490,"column":40}},"491":{"start":{"line":492,"column":0},"end":{"line":492,"column":35}},"492":{"start":{"line":493,"column":0},"end":{"line":493,"column":20}},"493":{"start":{"line":494,"column":0},"end":{"line":494,"column":27}},"494":{"start":{"line":495,"column":0},"end":{"line":495,"column":39}},"495":{"start":{"line":496,"column":0},"end":{"line":496,"column":20}},"496":{"start":{"line":497,"column":0},"end":{"line":497,"column":42}},"497":{"start":{"line":498,"column":0},"end":{"line":498,"column":48}},"498":{"start":{"line":499,"column":0},"end":{"line":499,"column":19}},"499":{"start":{"line":500,"column":0},"end":{"line":500,"column":42}},"500":{"start":{"line":501,"column":0},"end":{"line":501,"column":3}},"502":{"start":{"line":503,"column":0},"end":{"line":503,"column":25}},"503":{"start":{"line":504,"column":0},"end":{"line":504,"column":42}},"504":{"start":{"line":505,"column":0},"end":{"line":505,"column":38}},"505":{"start":{"line":506,"column":0},"end":{"line":506,"column":1}},"508":{"start":{"line":509,"column":0},"end":{"line":509,"column":26}},"509":{"start":{"line":510,"column":0},"end":{"line":510,"column":27}},"510":{"start":{"line":511,"column":0},"end":{"line":511,"column":72}},"512":{"start":{"line":513,"column":0},"end":{"line":513,"column":42}},"514":{"start":{"line":515,"column":0},"end":{"line":515,"column":31}},"515":{"start":{"line":516,"column":0},"end":{"line":516,"column":29}},"516":{"start":{"line":517,"column":0},"end":{"line":517,"column":35}},"517":{"start":{"line":518,"column":0},"end":{"line":518,"column":36}},"518":{"start":{"line":519,"column":0},"end":{"line":519,"column":36}},"519":{"start":{"line":520,"column":0},"end":{"line":520,"column":38}},"520":{"start":{"line":521,"column":0},"end":{"line":521,"column":31}},"521":{"start":{"line":522,"column":0},"end":{"line":522,"column":27}},"522":{"start":{"line":523,"column":0},"end":{"line":523,"column":31}},"523":{"start":{"line":524,"column":0},"end":{"line":524,"column":7}},"524":{"start":{"line":525,"column":0},"end":{"line":525,"column":5}},"527":{"start":{"line":528,"column":0},"end":{"line":528,"column":58}},"528":{"start":{"line":529,"column":0},"end":{"line":529,"column":30}},"529":{"start":{"line":530,"column":0},"end":{"line":530,"column":43}},"530":{"start":{"line":531,"column":0},"end":{"line":531,"column":43}},"531":{"start":{"line":532,"column":0},"end":{"line":532,"column":38}},"533":{"start":{"line":534,"column":0},"end":{"line":534,"column":23}},"534":{"start":{"line":535,"column":0},"end":{"line":535,"column":38}},"535":{"start":{"line":536,"column":0},"end":{"line":536,"column":38}},"536":{"start":{"line":537,"column":0},"end":{"line":537,"column":38}},"537":{"start":{"line":538,"column":0},"end":{"line":538,"column":7}},"538":{"start":{"line":539,"column":0},"end":{"line":539,"column":15}},"539":{"start":{"line":540,"column":0},"end":{"line":540,"column":5}},"542":{"start":{"line":543,"column":0},"end":{"line":543,"column":25}},"543":{"start":{"line":544,"column":0},"end":{"line":544,"column":47}},"544":{"start":{"line":545,"column":0},"end":{"line":545,"column":47}},"545":{"start":{"line":546,"column":0},"end":{"line":546,"column":39}},"548":{"start":{"line":549,"column":0},"end":{"line":549,"column":22}},"549":{"start":{"line":550,"column":0},"end":{"line":550,"column":48}},"550":{"start":{"line":551,"column":0},"end":{"line":551,"column":15}},"551":{"start":{"line":552,"column":0},"end":{"line":552,"column":5}},"554":{"start":{"line":555,"column":0},"end":{"line":555,"column":35}},"555":{"start":{"line":556,"column":0},"end":{"line":556,"column":36}},"556":{"start":{"line":557,"column":0},"end":{"line":557,"column":36}},"557":{"start":{"line":558,"column":0},"end":{"line":558,"column":3}},"558":{"start":{"line":559,"column":0},"end":{"line":559,"column":1}},"561":{"start":{"line":562,"column":0},"end":{"line":562,"column":26}},"562":{"start":{"line":563,"column":0},"end":{"line":563,"column":27}},"565":{"start":{"line":566,"column":0},"end":{"line":566,"column":43}},"566":{"start":{"line":567,"column":0},"end":{"line":567,"column":31}},"567":{"start":{"line":568,"column":0},"end":{"line":568,"column":28}},"569":{"start":{"line":570,"column":0},"end":{"line":570,"column":44}},"570":{"start":{"line":571,"column":0},"end":{"line":571,"column":36}},"571":{"start":{"line":572,"column":0},"end":{"line":572,"column":36}},"572":{"start":{"line":573,"column":0},"end":{"line":573,"column":38}},"573":{"start":{"line":574,"column":0},"end":{"line":574,"column":31}},"574":{"start":{"line":575,"column":0},"end":{"line":575,"column":27}},"575":{"start":{"line":576,"column":0},"end":{"line":576,"column":29}},"576":{"start":{"line":577,"column":0},"end":{"line":577,"column":7}},"577":{"start":{"line":578,"column":0},"end":{"line":578,"column":5}},"580":{"start":{"line":581,"column":0},"end":{"line":581,"column":57}},"582":{"start":{"line":583,"column":0},"end":{"line":583,"column":40}},"583":{"start":{"line":584,"column":0},"end":{"line":584,"column":29}},"584":{"start":{"line":585,"column":0},"end":{"line":585,"column":14}},"586":{"start":{"line":587,"column":0},"end":{"line":587,"column":45}},"587":{"start":{"line":588,"column":0},"end":{"line":588,"column":45}},"588":{"start":{"line":589,"column":0},"end":{"line":589,"column":40}},"589":{"start":{"line":590,"column":0},"end":{"line":590,"column":25}},"590":{"start":{"line":591,"column":0},"end":{"line":591,"column":40}},"591":{"start":{"line":592,"column":0},"end":{"line":592,"column":41}},"592":{"start":{"line":593,"column":0},"end":{"line":593,"column":41}},"593":{"start":{"line":594,"column":0},"end":{"line":594,"column":9}},"594":{"start":{"line":595,"column":0},"end":{"line":595,"column":7}},"595":{"start":{"line":596,"column":0},"end":{"line":596,"column":5}},"597":{"start":{"line":598,"column":0},"end":{"line":598,"column":3}},"600":{"start":{"line":601,"column":0},"end":{"line":601,"column":38}},"601":{"start":{"line":602,"column":0},"end":{"line":602,"column":39}},"602":{"start":{"line":603,"column":0},"end":{"line":603,"column":3}},"603":{"start":{"line":604,"column":0},"end":{"line":604,"column":62}},"606":{"start":{"line":607,"column":0},"end":{"line":607,"column":43}},"607":{"start":{"line":608,"column":0},"end":{"line":608,"column":21}},"608":{"start":{"line":609,"column":0},"end":{"line":609,"column":3}},"609":{"start":{"line":610,"column":0},"end":{"line":610,"column":75}},"610":{"start":{"line":611,"column":0},"end":{"line":611,"column":1}},"614":{"start":{"line":615,"column":0},"end":{"line":615,"column":32}},"615":{"start":{"line":616,"column":0},"end":{"line":616,"column":45}},"616":{"start":{"line":617,"column":0},"end":{"line":617,"column":47}},"617":{"start":{"line":618,"column":0},"end":{"line":618,"column":61}},"618":{"start":{"line":619,"column":0},"end":{"line":619,"column":54}},"619":{"start":{"line":620,"column":0},"end":{"line":620,"column":39}},"620":{"start":{"line":621,"column":0},"end":{"line":621,"column":28}},"621":{"start":{"line":622,"column":0},"end":{"line":622,"column":7}},"622":{"start":{"line":623,"column":0},"end":{"line":623,"column":41}},"623":{"start":{"line":624,"column":0},"end":{"line":624,"column":72}},"624":{"start":{"line":625,"column":0},"end":{"line":625,"column":5}},"625":{"start":{"line":626,"column":0},"end":{"line":626,"column":3}},"626":{"start":{"line":627,"column":0},"end":{"line":627,"column":1}},"629":{"start":{"line":630,"column":0},"end":{"line":630,"column":29}},"630":{"start":{"line":631,"column":0},"end":{"line":631,"column":53}},"631":{"start":{"line":632,"column":0},"end":{"line":632,"column":48}},"632":{"start":{"line":633,"column":0},"end":{"line":633,"column":24}},"633":{"start":{"line":634,"column":0},"end":{"line":634,"column":12}},"634":{"start":{"line":635,"column":0},"end":{"line":635,"column":94}},"635":{"start":{"line":636,"column":0},"end":{"line":636,"column":5}},"636":{"start":{"line":637,"column":0},"end":{"line":637,"column":29}},"637":{"start":{"line":638,"column":0},"end":{"line":638,"column":3}},"638":{"start":{"line":639,"column":0},"end":{"line":639,"column":1}},"640":{"start":{"line":641,"column":0},"end":{"line":641,"column":26}},"641":{"start":{"line":642,"column":0},"end":{"line":642,"column":36}},"642":{"start":{"line":643,"column":0},"end":{"line":643,"column":25}},"643":{"start":{"line":644,"column":0},"end":{"line":644,"column":18}},"644":{"start":{"line":645,"column":0},"end":{"line":645,"column":1}},"649":{"start":{"line":650,"column":0},"end":{"line":650,"column":22}},"651":{"start":{"line":652,"column":0},"end":{"line":652,"column":28}},"653":{"start":{"line":654,"column":0},"end":{"line":654,"column":38}},"655":{"start":{"line":656,"column":0},"end":{"line":656,"column":49}},"656":{"start":{"line":657,"column":0},"end":{"line":657,"column":24}},"658":{"start":{"line":659,"column":0},"end":{"line":659,"column":35}},"659":{"start":{"line":660,"column":0},"end":{"line":660,"column":50}},"660":{"start":{"line":661,"column":0},"end":{"line":661,"column":38}},"663":{"start":{"line":664,"column":0},"end":{"line":664,"column":36}},"664":{"start":{"line":665,"column":0},"end":{"line":665,"column":17}},"665":{"start":{"line":666,"column":0},"end":{"line":666,"column":13}},"666":{"start":{"line":667,"column":0},"end":{"line":667,"column":17}},"667":{"start":{"line":668,"column":0},"end":{"line":668,"column":18}},"668":{"start":{"line":669,"column":0},"end":{"line":669,"column":15}},"669":{"start":{"line":670,"column":0},"end":{"line":670,"column":14}},"670":{"start":{"line":671,"column":0},"end":{"line":671,"column":18}},"671":{"start":{"line":672,"column":0},"end":{"line":672,"column":31}},"672":{"start":{"line":673,"column":0},"end":{"line":673,"column":19}},"673":{"start":{"line":674,"column":0},"end":{"line":674,"column":36}},"674":{"start":{"line":675,"column":0},"end":{"line":675,"column":18}},"675":{"start":{"line":676,"column":0},"end":{"line":676,"column":26}},"676":{"start":{"line":677,"column":0},"end":{"line":677,"column":31}},"677":{"start":{"line":678,"column":0},"end":{"line":678,"column":6}},"679":{"start":{"line":680,"column":0},"end":{"line":680,"column":119}},"682":{"start":{"line":683,"column":0},"end":{"line":683,"column":25}},"684":{"start":{"line":685,"column":0},"end":{"line":685,"column":31}},"685":{"start":{"line":686,"column":0},"end":{"line":686,"column":48}},"687":{"start":{"line":688,"column":0},"end":{"line":688,"column":38}},"689":{"start":{"line":690,"column":0},"end":{"line":690,"column":67}},"690":{"start":{"line":691,"column":0},"end":{"line":691,"column":74}},"691":{"start":{"line":692,"column":0},"end":{"line":692,"column":71}},"692":{"start":{"line":693,"column":0},"end":{"line":693,"column":13}},"693":{"start":{"line":694,"column":0},"end":{"line":694,"column":5}},"695":{"start":{"line":696,"column":0},"end":{"line":696,"column":17}},"696":{"start":{"line":697,"column":0},"end":{"line":697,"column":53}},"697":{"start":{"line":698,"column":0},"end":{"line":698,"column":27}},"698":{"start":{"line":699,"column":0},"end":{"line":699,"column":24}},"699":{"start":{"line":700,"column":0},"end":{"line":700,"column":27}},"700":{"start":{"line":701,"column":0},"end":{"line":701,"column":38}},"701":{"start":{"line":702,"column":0},"end":{"line":702,"column":39}},"702":{"start":{"line":703,"column":0},"end":{"line":703,"column":5}},"703":{"start":{"line":704,"column":0},"end":{"line":704,"column":5}},"705":{"start":{"line":706,"column":0},"end":{"line":706,"column":33}},"706":{"start":{"line":707,"column":0},"end":{"line":707,"column":75}},"707":{"start":{"line":708,"column":0},"end":{"line":708,"column":45}},"708":{"start":{"line":709,"column":0},"end":{"line":709,"column":5}},"710":{"start":{"line":711,"column":0},"end":{"line":711,"column":34}},"711":{"start":{"line":712,"column":0},"end":{"line":712,"column":76}},"714":{"start":{"line":715,"column":0},"end":{"line":715,"column":57}},"717":{"start":{"line":718,"column":0},"end":{"line":718,"column":43}},"718":{"start":{"line":719,"column":0},"end":{"line":719,"column":25}},"721":{"start":{"line":722,"column":0},"end":{"line":722,"column":48}},"722":{"start":{"line":723,"column":0},"end":{"line":723,"column":39}},"724":{"start":{"line":725,"column":0},"end":{"line":725,"column":29}},"725":{"start":{"line":726,"column":0},"end":{"line":726,"column":29}},"728":{"start":{"line":729,"column":0},"end":{"line":729,"column":36}},"729":{"start":{"line":730,"column":0},"end":{"line":730,"column":63}},"732":{"start":{"line":733,"column":0},"end":{"line":733,"column":38}},"733":{"start":{"line":734,"column":0},"end":{"line":734,"column":38}},"736":{"start":{"line":737,"column":0},"end":{"line":737,"column":22}},"737":{"start":{"line":738,"column":0},"end":{"line":738,"column":46}},"738":{"start":{"line":739,"column":0},"end":{"line":739,"column":37}},"739":{"start":{"line":740,"column":0},"end":{"line":740,"column":37}},"740":{"start":{"line":741,"column":0},"end":{"line":741,"column":40}},"743":{"start":{"line":744,"column":0},"end":{"line":744,"column":42}},"746":{"start":{"line":747,"column":0},"end":{"line":747,"column":36}},"747":{"start":{"line":748,"column":0},"end":{"line":748,"column":36}},"748":{"start":{"line":749,"column":0},"end":{"line":749,"column":56}},"750":{"start":{"line":751,"column":0},"end":{"line":751,"column":60}},"753":{"start":{"line":754,"column":0},"end":{"line":754,"column":35}},"754":{"start":{"line":755,"column":0},"end":{"line":755,"column":55}},"755":{"start":{"line":756,"column":0},"end":{"line":756,"column":7}},"758":{"start":{"line":759,"column":0},"end":{"line":759,"column":42}},"759":{"start":{"line":760,"column":0},"end":{"line":760,"column":43}},"760":{"start":{"line":761,"column":0},"end":{"line":761,"column":7}},"761":{"start":{"line":762,"column":0},"end":{"line":762,"column":66}},"764":{"start":{"line":765,"column":0},"end":{"line":765,"column":27}},"765":{"start":{"line":766,"column":0},"end":{"line":766,"column":28}},"766":{"start":{"line":767,"column":0},"end":{"line":767,"column":28}},"767":{"start":{"line":768,"column":0},"end":{"line":768,"column":43}},"768":{"start":{"line":769,"column":0},"end":{"line":769,"column":40}},"769":{"start":{"line":770,"column":0},"end":{"line":770,"column":18}},"770":{"start":{"line":771,"column":0},"end":{"line":771,"column":9}},"772":{"start":{"line":773,"column":0},"end":{"line":773,"column":13}},"773":{"start":{"line":774,"column":0},"end":{"line":774,"column":5}},"776":{"start":{"line":777,"column":0},"end":{"line":777,"column":36}},"777":{"start":{"line":778,"column":0},"end":{"line":778,"column":59}},"780":{"start":{"line":781,"column":0},"end":{"line":781,"column":49}},"781":{"start":{"line":782,"column":0},"end":{"line":782,"column":73}},"782":{"start":{"line":783,"column":0},"end":{"line":783,"column":15}},"783":{"start":{"line":784,"column":0},"end":{"line":784,"column":7}},"786":{"start":{"line":787,"column":0},"end":{"line":787,"column":56}},"787":{"start":{"line":788,"column":0},"end":{"line":788,"column":72}},"788":{"start":{"line":789,"column":0},"end":{"line":789,"column":15}},"789":{"start":{"line":790,"column":0},"end":{"line":790,"column":7}},"792":{"start":{"line":793,"column":0},"end":{"line":793,"column":43}},"795":{"start":{"line":796,"column":0},"end":{"line":796,"column":51}},"798":{"start":{"line":799,"column":0},"end":{"line":799,"column":22}},"799":{"start":{"line":800,"column":0},"end":{"line":800,"column":46}},"800":{"start":{"line":801,"column":0},"end":{"line":801,"column":70}},"801":{"start":{"line":802,"column":0},"end":{"line":802,"column":36}},"802":{"start":{"line":803,"column":0},"end":{"line":803,"column":37}},"803":{"start":{"line":804,"column":0},"end":{"line":804,"column":57}},"804":{"start":{"line":805,"column":0},"end":{"line":805,"column":9}},"805":{"start":{"line":806,"column":0},"end":{"line":806,"column":7}},"808":{"start":{"line":809,"column":0},"end":{"line":809,"column":42}},"809":{"start":{"line":810,"column":0},"end":{"line":810,"column":43}},"810":{"start":{"line":811,"column":0},"end":{"line":811,"column":7}},"811":{"start":{"line":812,"column":0},"end":{"line":812,"column":66}},"814":{"start":{"line":815,"column":0},"end":{"line":815,"column":27}},"815":{"start":{"line":816,"column":0},"end":{"line":816,"column":28}},"816":{"start":{"line":817,"column":0},"end":{"line":817,"column":28}},"817":{"start":{"line":818,"column":0},"end":{"line":818,"column":34}},"818":{"start":{"line":819,"column":0},"end":{"line":819,"column":43}},"819":{"start":{"line":820,"column":0},"end":{"line":820,"column":30}},"820":{"start":{"line":821,"column":0},"end":{"line":821,"column":18}},"821":{"start":{"line":822,"column":0},"end":{"line":822,"column":9}},"827":{"start":{"line":828,"column":0},"end":{"line":828,"column":13}},"828":{"start":{"line":829,"column":0},"end":{"line":829,"column":5}},"831":{"start":{"line":832,"column":0},"end":{"line":832,"column":37}},"832":{"start":{"line":833,"column":0},"end":{"line":833,"column":22}},"833":{"start":{"line":834,"column":0},"end":{"line":834,"column":32}},"834":{"start":{"line":835,"column":0},"end":{"line":835,"column":27}},"835":{"start":{"line":836,"column":0},"end":{"line":836,"column":19}},"836":{"start":{"line":837,"column":0},"end":{"line":837,"column":19}},"837":{"start":{"line":838,"column":0},"end":{"line":838,"column":15}},"838":{"start":{"line":839,"column":0},"end":{"line":839,"column":15}},"839":{"start":{"line":840,"column":0},"end":{"line":840,"column":8}},"840":{"start":{"line":841,"column":0},"end":{"line":841,"column":37}},"842":{"start":{"line":843,"column":0},"end":{"line":843,"column":27}},"843":{"start":{"line":844,"column":0},"end":{"line":844,"column":28}},"844":{"start":{"line":845,"column":0},"end":{"line":845,"column":28}},"845":{"start":{"line":846,"column":0},"end":{"line":846,"column":34}},"846":{"start":{"line":847,"column":0},"end":{"line":847,"column":42}},"847":{"start":{"line":848,"column":0},"end":{"line":848,"column":9}},"849":{"start":{"line":850,"column":0},"end":{"line":850,"column":13}},"850":{"start":{"line":851,"column":0},"end":{"line":851,"column":5}},"851":{"start":{"line":852,"column":0},"end":{"line":852,"column":5}},"853":{"start":{"line":854,"column":0},"end":{"line":854,"column":39}},"854":{"start":{"line":855,"column":0},"end":{"line":855,"column":39}},"855":{"start":{"line":856,"column":0},"end":{"line":856,"column":51}},"856":{"start":{"line":857,"column":0},"end":{"line":857,"column":29}},"857":{"start":{"line":858,"column":0},"end":{"line":858,"column":44}},"858":{"start":{"line":859,"column":0},"end":{"line":859,"column":24}},"859":{"start":{"line":860,"column":0},"end":{"line":860,"column":7}},"860":{"start":{"line":861,"column":0},"end":{"line":861,"column":5}},"861":{"start":{"line":862,"column":0},"end":{"line":862,"column":5}},"863":{"start":{"line":864,"column":0},"end":{"line":864,"column":40}},"864":{"start":{"line":865,"column":0},"end":{"line":865,"column":72}},"865":{"start":{"line":866,"column":0},"end":{"line":866,"column":42}},"866":{"start":{"line":867,"column":0},"end":{"line":867,"column":96}},"867":{"start":{"line":868,"column":0},"end":{"line":868,"column":13}},"868":{"start":{"line":869,"column":0},"end":{"line":869,"column":5}},"870":{"start":{"line":871,"column":0},"end":{"line":871,"column":52}},"871":{"start":{"line":872,"column":0},"end":{"line":872,"column":47}},"872":{"start":{"line":873,"column":0},"end":{"line":873,"column":5}},"874":{"start":{"line":875,"column":0},"end":{"line":875,"column":36}},"875":{"start":{"line":876,"column":0},"end":{"line":876,"column":52}},"876":{"start":{"line":877,"column":0},"end":{"line":877,"column":76}},"877":{"start":{"line":878,"column":0},"end":{"line":878,"column":13}},"878":{"start":{"line":879,"column":0},"end":{"line":879,"column":5}},"879":{"start":{"line":880,"column":0},"end":{"line":880,"column":39}},"880":{"start":{"line":881,"column":0},"end":{"line":881,"column":61}},"881":{"start":{"line":882,"column":0},"end":{"line":882,"column":5}},"882":{"start":{"line":883,"column":0},"end":{"line":883,"column":75}},"883":{"start":{"line":884,"column":0},"end":{"line":884,"column":5}},"885":{"start":{"line":886,"column":0},"end":{"line":886,"column":37}},"886":{"start":{"line":887,"column":0},"end":{"line":887,"column":38}},"888":{"start":{"line":889,"column":0},"end":{"line":889,"column":48}},"889":{"start":{"line":890,"column":0},"end":{"line":890,"column":24}},"891":{"start":{"line":892,"column":0},"end":{"line":892,"column":72}},"892":{"start":{"line":893,"column":0},"end":{"line":893,"column":69}},"894":{"start":{"line":895,"column":0},"end":{"line":895,"column":41}},"895":{"start":{"line":896,"column":0},"end":{"line":896,"column":66}},"897":{"start":{"line":898,"column":0},"end":{"line":898,"column":48}},"899":{"start":{"line":900,"column":0},"end":{"line":900,"column":34}},"900":{"start":{"line":901,"column":0},"end":{"line":901,"column":38}},"902":{"start":{"line":903,"column":0},"end":{"line":903,"column":116}},"903":{"start":{"line":904,"column":0},"end":{"line":904,"column":5}},"905":{"start":{"line":906,"column":0},"end":{"line":906,"column":33}},"906":{"start":{"line":907,"column":0},"end":{"line":907,"column":53}},"907":{"start":{"line":908,"column":0},"end":{"line":908,"column":40}},"908":{"start":{"line":909,"column":0},"end":{"line":909,"column":79}},"909":{"start":{"line":910,"column":0},"end":{"line":910,"column":45}},"911":{"start":{"line":912,"column":0},"end":{"line":912,"column":42}},"912":{"start":{"line":913,"column":0},"end":{"line":913,"column":29}},"913":{"start":{"line":914,"column":0},"end":{"line":914,"column":5}},"914":{"start":{"line":915,"column":0},"end":{"line":915,"column":5}},"915":{"start":{"line":916,"column":0},"end":{"line":916,"column":3}},"918":{"start":{"line":919,"column":0},"end":{"line":919,"column":38}},"919":{"start":{"line":920,"column":0},"end":{"line":920,"column":18}},"920":{"start":{"line":921,"column":0},"end":{"line":921,"column":18}},"923":{"start":{"line":924,"column":0},"end":{"line":924,"column":21}},"926":{"start":{"line":927,"column":0},"end":{"line":927,"column":25}},"927":{"start":{"line":928,"column":0},"end":{"line":928,"column":76}},"929":{"start":{"line":930,"column":0},"end":{"line":930,"column":42}},"930":{"start":{"line":931,"column":0},"end":{"line":931,"column":21}},"931":{"start":{"line":932,"column":0},"end":{"line":932,"column":28}},"934":{"start":{"line":935,"column":0},"end":{"line":935,"column":62}},"935":{"start":{"line":936,"column":0},"end":{"line":936,"column":32}},"937":{"start":{"line":938,"column":0},"end":{"line":938,"column":93}},"938":{"start":{"line":939,"column":0},"end":{"line":939,"column":33}},"939":{"start":{"line":940,"column":0},"end":{"line":940,"column":56}},"940":{"start":{"line":941,"column":0},"end":{"line":941,"column":17}},"941":{"start":{"line":942,"column":0},"end":{"line":942,"column":3}},"942":{"start":{"line":943,"column":0},"end":{"line":943,"column":1}},"945":{"start":{"line":946,"column":0},"end":{"line":946,"column":30}},"946":{"start":{"line":947,"column":0},"end":{"line":947,"column":16}},"947":{"start":{"line":948,"column":0},"end":{"line":948,"column":1}},"950":{"start":{"line":951,"column":0},"end":{"line":951,"column":54}},"951":{"start":{"line":952,"column":0},"end":{"line":952,"column":20}},"952":{"start":{"line":953,"column":0},"end":{"line":953,"column":15}},"953":{"start":{"line":954,"column":0},"end":{"line":954,"column":19}},"954":{"start":{"line":955,"column":0},"end":{"line":955,"column":17}},"955":{"start":{"line":956,"column":0},"end":{"line":956,"column":18}},"956":{"start":{"line":957,"column":0},"end":{"line":957,"column":18}},"957":{"start":{"line":958,"column":0},"end":{"line":958,"column":14}},"958":{"start":{"line":959,"column":0},"end":{"line":959,"column":20}},"959":{"start":{"line":960,"column":0},"end":{"line":960,"column":19}},"960":{"start":{"line":961,"column":0},"end":{"line":961,"column":14}},"961":{"start":{"line":962,"column":0},"end":{"line":962,"column":16}},"962":{"start":{"line":963,"column":0},"end":{"line":963,"column":24}},"963":{"start":{"line":964,"column":0},"end":{"line":964,"column":21}},"965":{"start":{"line":966,"column":0},"end":{"line":966,"column":11}},"966":{"start":{"line":967,"column":0},"end":{"line":967,"column":7}},"967":{"start":{"line":968,"column":0},"end":{"line":968,"column":15}},"969":{"start":{"line":970,"column":0},"end":{"line":970,"column":20}},"970":{"start":{"line":971,"column":0},"end":{"line":971,"column":21}},"971":{"start":{"line":972,"column":0},"end":{"line":972,"column":32}},"972":{"start":{"line":973,"column":0},"end":{"line":973,"column":21}},"973":{"start":{"line":974,"column":0},"end":{"line":974,"column":17}},"974":{"start":{"line":975,"column":0},"end":{"line":975,"column":14}},"975":{"start":{"line":976,"column":0},"end":{"line":976,"column":14}},"976":{"start":{"line":977,"column":0},"end":{"line":977,"column":14}},"977":{"start":{"line":978,"column":0},"end":{"line":978,"column":16}},"978":{"start":{"line":979,"column":0},"end":{"line":979,"column":4}},"979":{"start":{"line":980,"column":0},"end":{"line":980,"column":1}}},"s":{"0":1,"1":1,"2":1,"3":1,"5":1,"6":1,"7":1,"8":1,"9":1,"10":1,"11":1,"12":1,"16":36,"17":36,"18":36,"19":1359,"20":1359,"21":1359,"22":1359,"23":1359,"24":36,"29":1,"30":1,"31":1,"32":1,"33":1,"34":1,"40":30,"41":30,"46":30,"47":30,"48":120,"49":120,"50":30,"52":30,"53":30,"54":30,"55":30,"56":30,"57":30,"60":30,"61":30,"63":30,"65":240,"66":240,"67":1080,"68":1080,"69":4320,"70":4320,"71":4320,"72":1366,"73":1366,"74":4320,"75":1080,"77":240,"80":240,"81":240,"82":240,"83":240,"84":240,"85":240,"89":30,"90":30,"91":30,"94":30,"95":30,"96":30,"98":30,"99":510,"100":510,"101":510,"104":510,"105":510,"106":2040,"107":2040,"108":2040,"109":1265,"110":1265,"111":353,"112":353,"113":1265,"114":2040,"116":510,"118":240,"119":240,"120":240,"121":240,"122":510,"123":270,"124":270,"125":510,"128":30,"129":30,"130":270,"131":270,"132":1080,"133":1080,"134":1080,"135":632,"136":632,"137":632,"138":316,"139":1688,"140":316,"141":316,"142":316,"143":632,"144":1080,"145":270,"147":30,"148":47,"149":47,"150":47,"151":30,"152":30,"153":1,"154":1,"158":30,"159":30,"160":241,"161":241,"162":241,"163":241,"164":241,"165":241,"166":241,"169":30,"170":270,"171":270,"172":270,"173":270,"174":270,"175":270,"176":270,"179":270,"180":156,"181":270,"182":114,"183":114,"184":114,"185":114,"188":270,"189":156,"190":270,"191":114,"192":114,"193":114,"194":114,"197":270,"198":143,"199":270,"200":127,"201":127,"202":127,"203":127,"206":270,"207":143,"208":270,"209":127,"210":127,"211":127,"212":127,"214":270,"215":30,"218":30,"219":241,"220":241,"221":241,"222":241,"225":241,"226":127,"227":127,"228":127,"229":127,"232":241,"233":114,"234":114,"235":114,"236":114,"238":241,"239":30,"241":30,"242":30,"245":61,"246":61,"247":61,"248":61,"249":61,"250":61,"251":61,"252":61,"253":61,"254":61,"257":1,"260":1,"261":1,"262":1,"263":1,"265":1,"266":1,"268":22,"269":22,"270":22,"271":22,"272":22,"274":22,"275":198,"276":198,"277":198,"278":198,"279":198,"280":198,"281":198,"283":22,"284":22,"285":22,"286":22,"287":22,"288":22,"289":22,"291":24,"292":24,"293":24,"294":24,"296":201,"297":201,"298":201,"299":201,"300":201,"301":201,"302":201,"303":201,"304":201,"306":2,"307":2,"308":2,"309":2,"310":2,"311":2,"312":2,"314":1,"315":1,"321":20,"322":20,"323":20,"324":20,"325":20,"326":20,"327":20,"328":20,"329":20,"331":1,"332":1,"333":1,"334":1,"336":1,"337":1,"338":1,"339":1,"340":1,"341":1,"342":1,"345":1,"346":1,"347":1,"348":1,"349":1,"350":1,"353":1,"356":1,"357":1,"358":1,"361":44,"362":44,"363":29,"364":29,"365":44,"366":44,"369":44,"370":44,"371":44,"372":44,"373":44,"374":44,"377":2,"378":2,"379":2,"380":1,"381":1,"382":1,"383":2,"386":7,"387":7,"388":7,"390":6,"392":7,"393":4,"395":4,"396":2,"397":2,"398":2,"399":2,"400":2,"401":2,"402":2,"403":2,"404":4,"405":4,"406":7,"408":101,"409":101,"410":101,"413":20,"414":20,"415":100,"416":100,"417":100,"418":100,"419":100,"420":100,"421":100,"422":100,"423":100,"424":100,"425":20,"428":5,"429":5,"431":4,"432":4,"433":4,"434":4,"435":4,"437":0,"438":0,"439":0,"441":0,"442":0,"443":0,"444":0,"445":0,"446":0,"448":0,"449":0,"451":0,"452":0,"453":0,"455":0,"456":0,"457":0,"458":0,"459":0,"460":0,"461":0,"462":0,"463":0,"465":0,"466":0,"467":0,"468":0,"469":0,"470":0,"472":0,"473":0,"474":0,"475":0,"477":0,"478":0,"479":0,"481":0,"482":0,"483":0,"484":0,"485":0,"486":0,"487":0,"488":0,"489":0,"491":0,"492":0,"493":0,"494":0,"495":0,"496":0,"497":0,"498":0,"499":0,"500":0,"502":0,"503":0,"504":0,"505":0,"508":21,"509":21,"510":21,"512":21,"514":87,"515":87,"516":87,"517":70,"518":70,"519":70,"520":70,"521":65,"522":65,"523":65,"524":70,"527":87,"528":7,"529":7,"530":7,"531":7,"533":7,"534":7,"535":7,"536":7,"537":7,"538":7,"539":7,"542":80,"543":80,"544":80,"545":80,"548":87,"549":1,"550":1,"551":1,"554":79,"555":79,"556":79,"557":79,"558":21,"561":23,"562":23,"565":23,"566":7,"567":7,"569":7,"570":8,"571":8,"572":8,"573":8,"574":5,"575":5,"576":5,"577":8,"580":7,"582":4,"583":3,"584":4,"586":1,"587":1,"588":1,"589":1,"590":1,"591":1,"592":1,"593":1,"594":1,"595":4,"597":7,"600":23,"601":86,"602":86,"603":23,"606":23,"607":7,"608":7,"609":23,"610":23,"614":4,"615":4,"616":6,"617":6,"618":3,"619":3,"620":0,"621":0,"622":3,"623":3,"624":3,"625":6,"626":4,"629":21,"630":21,"631":18,"632":1,"633":18,"634":17,"635":17,"636":18,"637":18,"638":21,"640":16,"641":16,"642":16,"643":16,"644":16,"649":1,"651":20,"653":20,"655":20,"656":20,"658":20,"659":22,"660":22,"663":22,"664":22,"665":22,"666":22,"667":22,"668":22,"669":22,"670":22,"671":22,"672":22,"673":22,"674":22,"675":22,"676":22,"677":22,"679":22,"682":22,"684":22,"685":2,"687":2,"689":2,"690":2,"691":0,"692":0,"693":0,"695":2,"696":2,"697":2,"698":2,"699":2,"700":2,"701":2,"702":2,"703":22,"705":22,"706":0,"707":0,"708":22,"710":22,"711":4,"714":4,"717":4,"718":4,"721":4,"722":4,"724":4,"725":4,"728":4,"729":1,"732":1,"733":1,"736":1,"737":1,"738":6,"739":6,"740":6,"743":6,"746":1,"747":1,"748":1,"750":1,"753":1,"754":1,"755":1,"758":1,"759":6,"760":6,"761":1,"764":1,"765":1,"766":1,"767":1,"768":1,"769":1,"770":1,"772":1,"773":1,"776":4,"777":2,"780":2,"781":0,"782":0,"783":0,"786":2,"787":1,"788":1,"789":1,"792":1,"795":1,"798":1,"799":2,"800":6,"801":6,"802":2,"803":2,"804":2,"805":6,"808":2,"809":6,"810":6,"811":1,"814":1,"815":1,"816":1,"817":1,"818":1,"819":1,"820":1,"821":1,"827":1,"828":1,"831":1,"832":1,"833":1,"834":1,"835":1,"836":1,"837":1,"838":1,"839":1,"840":1,"842":1,"843":1,"844":1,"845":1,"846":1,"847":1,"849":1,"850":1,"851":22,"853":22,"854":2,"855":2,"856":2,"857":2,"858":2,"859":2,"860":2,"861":22,"863":22,"864":0,"865":0,"866":0,"867":0,"868":0,"870":0,"871":0,"872":22,"874":22,"875":2,"876":1,"877":1,"878":1,"879":1,"880":1,"881":1,"882":1,"883":22,"885":22,"886":0,"888":0,"889":0,"891":0,"892":0,"894":0,"895":0,"897":0,"899":0,"900":0,"902":0,"903":22,"905":22,"906":22,"907":22,"908":22,"909":22,"911":22,"912":20,"913":20,"914":22,"915":20,"918":20,"919":16,"920":16,"923":16,"926":16,"927":16,"929":16,"930":20,"931":20,"934":20,"935":20,"937":20,"938":20,"939":20,"940":20,"941":20,"942":20,"945":1,"946":0,"947":0,"950":1,"951":1,"952":1,"953":1,"954":1,"955":1,"956":1,"957":1,"958":1,"959":1,"960":1,"961":1,"962":1,"963":1,"965":1,"966":1,"967":1,"969":1,"970":1,"971":1,"972":1,"973":1,"974":1,"975":1,"976":1,"977":1,"978":1,"979":1},"branchMap":{"0":{"type":"branch","line":946,"loc":{"start":{"line":946,"column":29},"end":{"line":948,"column":1}},"locations":[{"start":{"line":946,"column":29},"end":{"line":948,"column":1}}]},"1":{"type":"branch","line":17,"loc":{"start":{"line":17,"column":0},"end":{"line":25,"column":1}},"locations":[{"start":{"line":17,"column":0},"end":{"line":25,"column":1}}]},"2":{"type":"branch","line":19,"loc":{"start":{"line":19,"column":9},"end":{"line":24,"column":4}},"locations":[{"start":{"line":19,"column":9},"end":{"line":24,"column":4}}]},"3":{"type":"branch","line":41,"loc":{"start":{"line":41,"column":0},"end":{"line":243,"column":1}},"locations":[{"start":{"line":41,"column":0},"end":{"line":243,"column":1}}]},"4":{"type":"branch","line":48,"loc":{"start":{"line":48,"column":38},"end":{"line":50,"column":3}},"locations":[{"start":{"line":48,"column":38},"end":{"line":50,"column":3}}]},"5":{"type":"branch","line":64,"loc":{"start":{"line":64,"column":45},"end":{"line":86,"column":3}},"locations":[{"start":{"line":64,"column":45},"end":{"line":86,"column":3}}]},"6":{"type":"branch","line":67,"loc":{"start":{"line":67,"column":38},"end":{"line":76,"column":5}},"locations":[{"start":{"line":67,"column":38},"end":{"line":76,"column":5}}]},"7":{"type":"branch","line":69,"loc":{"start":{"line":69,"column":35},"end":{"line":75,"column":7}},"locations":[{"start":{"line":69,"column":35},"end":{"line":75,"column":7}}]},"8":{"type":"branch","line":72,"loc":{"start":{"line":72,"column":18},"end":{"line":72,"column":41}},"locations":[{"start":{"line":72,"column":18},"end":{"line":72,"column":41}}]},"9":{"type":"branch","line":72,"loc":{"start":{"line":72,"column":28},"end":{"line":72,"column":52}},"locations":[{"start":{"line":72,"column":28},"end":{"line":72,"column":52}}]},"10":{"type":"branch","line":72,"loc":{"start":{"line":72,"column":47},"end":{"line":72,"column":70}},"locations":[{"start":{"line":72,"column":47},"end":{"line":72,"column":70}}]},"11":{"type":"branch","line":72,"loc":{"start":{"line":72,"column":57},"end":{"line":72,"column":85}},"locations":[{"start":{"line":72,"column":57},"end":{"line":72,"column":85}}]},"12":{"type":"branch","line":72,"loc":{"start":{"line":72,"column":85},"end":{"line":74,"column":9}},"locations":[{"start":{"line":72,"column":85},"end":{"line":74,"column":9}}]},"13":{"type":"branch","line":78,"loc":{"start":{"line":78,"column":31},"end":{"line":78,"column":53}},"locations":[{"start":{"line":78,"column":31},"end":{"line":78,"column":53}}]},"14":{"type":"branch","line":99,"loc":{"start":{"line":99,"column":27},"end":{"line":126,"column":3}},"locations":[{"start":{"line":99,"column":27},"end":{"line":126,"column":3}}]},"15":{"type":"branch","line":106,"loc":{"start":{"line":106,"column":33},"end":{"line":115,"column":5}},"locations":[{"start":{"line":106,"column":33},"end":{"line":115,"column":5}}]},"16":{"type":"branch","line":109,"loc":{"start":{"line":109,"column":16},"end":{"line":109,"column":39}},"locations":[{"start":{"line":109,"column":16},"end":{"line":109,"column":39}}]},"17":{"type":"branch","line":109,"loc":{"start":{"line":109,"column":26},"end":{"line":109,"column":50}},"locations":[{"start":{"line":109,"column":26},"end":{"line":109,"column":50}}]},"18":{"type":"branch","line":109,"loc":{"start":{"line":109,"column":45},"end":{"line":109,"column":68}},"locations":[{"start":{"line":109,"column":45},"end":{"line":109,"column":68}}]},"19":{"type":"branch","line":109,"loc":{"start":{"line":109,"column":55},"end":{"line":109,"column":82}},"locations":[{"start":{"line":109,"column":55},"end":{"line":109,"column":82}}]},"20":{"type":"branch","line":109,"loc":{"start":{"line":109,"column":82},"end":{"line":114,"column":7}},"locations":[{"start":{"line":109,"column":82},"end":{"line":114,"column":7}}]},"21":{"type":"branch","line":111,"loc":{"start":{"line":111,"column":45},"end":{"line":113,"column":9}},"locations":[{"start":{"line":111,"column":45},"end":{"line":113,"column":9}}]},"22":{"type":"branch","line":117,"loc":{"start":{"line":117,"column":30},"end":{"line":123,"column":11}},"locations":[{"start":{"line":117,"column":30},"end":{"line":123,"column":11}}]},"23":{"type":"branch","line":123,"loc":{"start":{"line":123,"column":4},"end":{"line":125,"column":5}},"locations":[{"start":{"line":123,"column":4},"end":{"line":125,"column":5}}]},"24":{"type":"branch","line":130,"loc":{"start":{"line":130,"column":36},"end":{"line":146,"column":3}},"locations":[{"start":{"line":130,"column":36},"end":{"line":146,"column":3}}]},"25":{"type":"branch","line":132,"loc":{"start":{"line":132,"column":33},"end":{"line":145,"column":5}},"locations":[{"start":{"line":132,"column":33},"end":{"line":145,"column":5}}]},"26":{"type":"branch","line":135,"loc":{"start":{"line":135,"column":16},"end":{"line":135,"column":39}},"locations":[{"start":{"line":135,"column":16},"end":{"line":135,"column":39}}]},"27":{"type":"branch","line":135,"loc":{"start":{"line":135,"column":26},"end":{"line":135,"column":50}},"locations":[{"start":{"line":135,"column":26},"end":{"line":135,"column":50}}]},"28":{"type":"branch","line":135,"loc":{"start":{"line":135,"column":45},"end":{"line":135,"column":68}},"locations":[{"start":{"line":135,"column":45},"end":{"line":135,"column":68}}]},"29":{"type":"branch","line":135,"loc":{"start":{"line":135,"column":55},"end":{"line":135,"column":82}},"locations":[{"start":{"line":135,"column":55},"end":{"line":135,"column":82}}]},"30":{"type":"branch","line":135,"loc":{"start":{"line":135,"column":82},"end":{"line":144,"column":7}},"locations":[{"start":{"line":135,"column":82},"end":{"line":144,"column":7}}]},"31":{"type":"branch","line":138,"loc":{"start":{"line":138,"column":38},"end":{"line":143,"column":9}},"locations":[{"start":{"line":138,"column":38},"end":{"line":143,"column":9}}]},"32":{"type":"branch","line":142,"loc":{"start":{"line":142,"column":23},"end":{"line":142,"column":68}},"locations":[{"start":{"line":142,"column":23},"end":{"line":142,"column":68}}]},"33":{"type":"branch","line":148,"loc":{"start":{"line":148,"column":53},"end":{"line":151,"column":3}},"locations":[{"start":{"line":148,"column":53},"end":{"line":151,"column":3}}]},"34":{"type":"branch","line":153,"loc":{"start":{"line":153,"column":39},"end":{"line":155,"column":3}},"locations":[{"start":{"line":153,"column":39},"end":{"line":155,"column":3}}]},"35":{"type":"branch","line":160,"loc":{"start":{"line":160,"column":28},"end":{"line":167,"column":3}},"locations":[{"start":{"line":160,"column":28},"end":{"line":167,"column":3}}]},"36":{"type":"branch","line":163,"loc":{"start":{"line":163,"column":29},"end":{"line":163,"column":96}},"locations":[{"start":{"line":163,"column":29},"end":{"line":163,"column":96}}]},"37":{"type":"branch","line":164,"loc":{"start":{"line":164,"column":29},"end":{"line":164,"column":96}},"locations":[{"start":{"line":164,"column":29},"end":{"line":164,"column":96}}]},"38":{"type":"branch","line":165,"loc":{"start":{"line":165,"column":29},"end":{"line":165,"column":99}},"locations":[{"start":{"line":165,"column":29},"end":{"line":165,"column":99}}]},"39":{"type":"branch","line":166,"loc":{"start":{"line":166,"column":29},"end":{"line":166,"column":99}},"locations":[{"start":{"line":166,"column":29},"end":{"line":166,"column":99}}]},"40":{"type":"branch","line":110,"loc":{"start":{"line":110,"column":45},"end":{"line":110,"column":77}},"locations":[{"start":{"line":110,"column":45},"end":{"line":110,"column":77}}]},"41":{"type":"branch","line":110,"loc":{"start":{"line":110,"column":60},"end":{"line":110,"column":77}},"locations":[{"start":{"line":110,"column":60},"end":{"line":110,"column":77}}]},"42":{"type":"branch","line":136,"loc":{"start":{"line":136,"column":45},"end":{"line":136,"column":77}},"locations":[{"start":{"line":136,"column":45},"end":{"line":136,"column":77}}]},"43":{"type":"branch","line":136,"loc":{"start":{"line":136,"column":60},"end":{"line":136,"column":77}},"locations":[{"start":{"line":136,"column":60},"end":{"line":136,"column":77}}]},"44":{"type":"branch","line":139,"loc":{"start":{"line":139,"column":39},"end":{"line":140,"column":84}},"locations":[{"start":{"line":139,"column":39},"end":{"line":140,"column":84}}]},"45":{"type":"branch","line":140,"loc":{"start":{"line":140,"column":24},"end":{"line":140,"column":51}},"locations":[{"start":{"line":140,"column":24},"end":{"line":140,"column":51}}]},"46":{"type":"branch","line":140,"loc":{"start":{"line":140,"column":41},"end":{"line":140,"column":84}},"locations":[{"start":{"line":140,"column":41},"end":{"line":140,"column":84}}]},"47":{"type":"branch","line":140,"loc":{"start":{"line":140,"column":62},"end":{"line":140,"column":84}},"locations":[{"start":{"line":140,"column":62},"end":{"line":140,"column":84}}]},"48":{"type":"branch","line":159,"loc":{"start":{"line":159,"column":41},"end":{"line":159,"column":56}},"locations":[{"start":{"line":159,"column":41},"end":{"line":159,"column":56}}]},"49":{"type":"branch","line":170,"loc":{"start":{"line":170,"column":34},"end":{"line":216,"column":3}},"locations":[{"start":{"line":170,"column":34},"end":{"line":216,"column":3}}]},"50":{"type":"branch","line":180,"loc":{"start":{"line":180,"column":26},"end":{"line":182,"column":11}},"locations":[{"start":{"line":180,"column":26},"end":{"line":182,"column":11}}]},"51":{"type":"branch","line":182,"loc":{"start":{"line":182,"column":4},"end":{"line":186,"column":5}},"locations":[{"start":{"line":182,"column":4},"end":{"line":186,"column":5}}]},"52":{"type":"branch","line":189,"loc":{"start":{"line":189,"column":28},"end":{"line":191,"column":11}},"locations":[{"start":{"line":189,"column":28},"end":{"line":191,"column":11}}]},"53":{"type":"branch","line":191,"loc":{"start":{"line":191,"column":4},"end":{"line":195,"column":5}},"locations":[{"start":{"line":191,"column":4},"end":{"line":195,"column":5}}]},"54":{"type":"branch","line":198,"loc":{"start":{"line":198,"column":28},"end":{"line":200,"column":11}},"locations":[{"start":{"line":198,"column":28},"end":{"line":200,"column":11}}]},"55":{"type":"branch","line":200,"loc":{"start":{"line":200,"column":4},"end":{"line":204,"column":5}},"locations":[{"start":{"line":200,"column":4},"end":{"line":204,"column":5}}]},"56":{"type":"branch","line":207,"loc":{"start":{"line":207,"column":29},"end":{"line":209,"column":11}},"locations":[{"start":{"line":207,"column":29},"end":{"line":209,"column":11}}]},"57":{"type":"branch","line":209,"loc":{"start":{"line":209,"column":4},"end":{"line":213,"column":5}},"locations":[{"start":{"line":209,"column":4},"end":{"line":213,"column":5}}]},"58":{"type":"branch","line":219,"loc":{"start":{"line":219,"column":38},"end":{"line":240,"column":3}},"locations":[{"start":{"line":219,"column":38},"end":{"line":240,"column":3}}]},"59":{"type":"branch","line":226,"loc":{"start":{"line":226,"column":25},"end":{"line":230,"column":5}},"locations":[{"start":{"line":226,"column":25},"end":{"line":230,"column":5}}]},"60":{"type":"branch","line":233,"loc":{"start":{"line":233,"column":25},"end":{"line":237,"column":5}},"locations":[{"start":{"line":233,"column":25},"end":{"line":237,"column":5}}]},"61":{"type":"branch","line":246,"loc":{"start":{"line":246,"column":0},"end":{"line":255,"column":1}},"locations":[{"start":{"line":246,"column":0},"end":{"line":255,"column":1}}]},"62":{"type":"branch","line":269,"loc":{"start":{"line":269,"column":0},"end":{"line":290,"column":1}},"locations":[{"start":{"line":269,"column":0},"end":{"line":290,"column":1}}]},"63":{"type":"branch","line":275,"loc":{"start":{"line":275,"column":35},"end":{"line":282,"column":3}},"locations":[{"start":{"line":275,"column":35},"end":{"line":282,"column":3}}]},"64":{"type":"branch","line":292,"loc":{"start":{"line":292,"column":0},"end":{"line":295,"column":1}},"locations":[{"start":{"line":292,"column":0},"end":{"line":295,"column":1}}]},"65":{"type":"branch","line":297,"loc":{"start":{"line":297,"column":0},"end":{"line":305,"column":1}},"locations":[{"start":{"line":297,"column":0},"end":{"line":305,"column":1}}]},"66":{"type":"branch","line":307,"loc":{"start":{"line":307,"column":0},"end":{"line":313,"column":1}},"locations":[{"start":{"line":307,"column":0},"end":{"line":313,"column":1}}]},"67":{"type":"branch","line":322,"loc":{"start":{"line":322,"column":0},"end":{"line":330,"column":1}},"locations":[{"start":{"line":322,"column":0},"end":{"line":330,"column":1}}]},"68":{"type":"branch","line":324,"loc":{"start":{"line":324,"column":33},"end":{"line":324,"column":57}},"locations":[{"start":{"line":324,"column":33},"end":{"line":324,"column":57}}]},"69":{"type":"branch","line":362,"loc":{"start":{"line":362,"column":0},"end":{"line":367,"column":1}},"locations":[{"start":{"line":362,"column":0},"end":{"line":367,"column":1}}]},"70":{"type":"branch","line":363,"loc":{"start":{"line":363,"column":47},"end":{"line":366,"column":4}},"locations":[{"start":{"line":363,"column":47},"end":{"line":366,"column":4}}]},"71":{"type":"branch","line":370,"loc":{"start":{"line":370,"column":0},"end":{"line":375,"column":1}},"locations":[{"start":{"line":370,"column":0},"end":{"line":375,"column":1}}]},"72":{"type":"branch","line":378,"loc":{"start":{"line":378,"column":0},"end":{"line":384,"column":1}},"locations":[{"start":{"line":378,"column":0},"end":{"line":384,"column":1}}]},"73":{"type":"branch","line":380,"loc":{"start":{"line":380,"column":49},"end":{"line":383,"column":3}},"locations":[{"start":{"line":380,"column":49},"end":{"line":383,"column":3}}]},"74":{"type":"branch","line":380,"loc":{"start":{"line":380,"column":34},"end":{"line":380,"column":46}},"locations":[{"start":{"line":380,"column":34},"end":{"line":380,"column":46}}]},"75":{"type":"branch","line":387,"loc":{"start":{"line":387,"column":0},"end":{"line":407,"column":1}},"locations":[{"start":{"line":387,"column":0},"end":{"line":407,"column":1}}]},"76":{"type":"branch","line":389,"loc":{"start":{"line":389,"column":15},"end":{"line":389,"column":22}},"locations":[{"start":{"line":389,"column":15},"end":{"line":389,"column":22}}]},"77":{"type":"branch","line":389,"loc":{"start":{"line":389,"column":15},"end":{"line":393,"column":24}},"locations":[{"start":{"line":389,"column":15},"end":{"line":393,"column":24}}]},"78":{"type":"branch","line":393,"loc":{"start":{"line":393,"column":19},"end":{"line":393,"column":38}},"locations":[{"start":{"line":393,"column":19},"end":{"line":393,"column":38}}]},"79":{"type":"branch","line":393,"loc":{"start":{"line":393,"column":38},"end":{"line":406,"column":3}},"locations":[{"start":{"line":393,"column":38},"end":{"line":406,"column":3}}]},"80":{"type":"branch","line":396,"loc":{"start":{"line":396,"column":15},"end":{"line":405,"column":7}},"locations":[{"start":{"line":396,"column":15},"end":{"line":405,"column":7}}]},"81":{"type":"branch","line":398,"loc":{"start":{"line":398,"column":14},"end":{"line":398,"column":53}},"locations":[{"start":{"line":398,"column":14},"end":{"line":398,"column":53}}]},"82":{"type":"branch","line":409,"loc":{"start":{"line":409,"column":0},"end":{"line":411,"column":1}},"locations":[{"start":{"line":409,"column":0},"end":{"line":411,"column":1}}]},"83":{"type":"branch","line":414,"loc":{"start":{"line":414,"column":0},"end":{"line":426,"column":1}},"locations":[{"start":{"line":414,"column":0},"end":{"line":426,"column":1}}]},"84":{"type":"bra
[...]
:{"type":"branch","line":521,"loc":{"start":{"line":521,"column":30},"end":{"line":524,"column":7}},"locations":[{"start":{"line":521,"column":30},"end":{"line":524,"column":7}}]},"92":{"type":"branch","line":528,"loc":{"start":{"line":528,"column":8},"end":{"line":528,"column":57}},"locations":[{"start":{"line":528,"column":8},"end":{"line":528,"column":57}}]},"93":{"type":"branch","line":528,"loc":{"start":{"line":528,"column":57},"end":{"line":540,"column":5}},"locations":[{"start":{"line":528,"column":57},"end":{"line":540,"column":5}}]},"94":{"type":"branch","line":540,"loc":{"start":{"line":540,"column":4},"end":{"line":549,"column":21}},"locations":[{"start":{"line":540,"column":4},"end":{"line":549,"column":21}}]},"95":{"type":"branch","line":549,"loc":{"start":{"line":549,"column":21},"end":{"line":552,"column":5}},"locations":[{"start":{"line":549,"column":21},"end":{"line":552,"column":5}}]},"96":{"type":"branch","line":552,"loc":{"start":{"line":552,"column":4},"end":{"line":558,"column":3}},"locations":[{"start":{"line":552,"column":4},"end":{"line":558,"column":3}}]},"97":{"type":"branch","line":511,"loc":{"start":{"line":511,"column":58},"end":{"line":511,"column":70}},"locations":[{"start":{"line":511,"column":58},"end":{"line":511,"column":70}}]},"98":{"type":"branch","line":562,"loc":{"start":{"line":562,"column":0},"end":{"line":611,"column":1}},"locations":[{"start":{"line":562,"column":0},"end":{"line":611,"column":1}}]},"99":{"type":"branch","line":566,"loc":{"start":{"line":566,"column":42},"end":{"line":598,"column":3}},"locations":[{"start":{"line":566,"column":42},"end":{"line":598,"column":3}}]},"100":{"type":"branch","line":570,"loc":{"start":{"line":570,"column":43},"end":{"line":578,"column":5}},"locations":[{"start":{"line":570,"column":43},"end":{"line":578,"column":5}}]},"101":{"type":"branch","line":574,"loc":{"start":{"line":574,"column":30},"end":{"line":577,"column":7}},"locations":[{"start":{"line":574,"column":30},"end":{"line":577,"column":7}}]},"102":{"type":"branch","line":581,"loc":{"start":{"line":581,"column":8},"end":{"line":581,"column":56}},"locations":[{"start":{"line":581,"column":8},"end":{"line":581,"column":56}}]},"103":{"type":"branch","line":581,"loc":{"start":{"line":581,"column":56},"end":{"line":596,"column":5}},"locations":[{"start":{"line":581,"column":56},"end":{"line":596,"column":5}}]},"104":{"type":"branch","line":583,"loc":{"start":{"line":583,"column":39},"end":{"line":585,"column":13}},"locations":[{"start":{"line":583,"column":39},"end":{"line":585,"column":13}}]},"105":{"type":"branch","line":585,"loc":{"start":{"line":585,"column":6},"end":{"line":595,"column":7}},"locations":[{"start":{"line":585,"column":6},"end":{"line":595,"column":7}}]},"106":{"type":"branch","line":601,"loc":{"start":{"line":601,"column":37},"end":{"line":603,"column":3}},"locations":[{"start":{"line":601,"column":37},"end":{"line":603,"column":3}}]},"107":{"type":"branch","line":602,"loc":{"start":{"line":602,"column":19},"end":{"line":602,"column":39}},"locations":[{"start":{"line":602,"column":19},"end":{"line":602,"column":39}}]},"108":{"type":"branch","line":607,"loc":{"start":{"line":607,"column":42},"end":{"line":609,"column":3}},"locations":[{"start":{"line":607,"column":42},"end":{"line":609,"column":3}}]},"109":{"type":"branch","line":604,"loc":{"start":{"line":604,"column":47},"end":{"line":604,"column":60}},"locations":[{"start":{"line":604,"column":47},"end":{"line":604,"column":60}}]},"110":{"type":"branch","line":610,"loc":{"start":{"line":610,"column":47},"end":{"line":610,"column":73}},"locations":[{"start":{"line":610,"column":47},"end":{"line":610,"column":73}}]},"111":{"type":"branch","line":610,"loc":{"start":{"line":610,"column":60},"end":{"line":610,"column":73}},"locations":[{"start":{"line":610,"column":60},"end":{"line":610,"column":73}}]},"112":{"type":"branch","line":615,"loc":{"start":{"line":615,"column":0},"end":{"line":627,"column":1}},"locations":[{"start":{"line":615,"column":0},"end":{"line":627,"column":1}}]},"113":{"type":"branch","line":616,"loc":{"start":{"line":616,"column":44},"end":{"line":626,"column":3}},"locations":[{"start":{"line":616,"column":44},"end":{"line":626,"column":3}}]},"114":{"type":"branch","line":618,"loc":{"start":{"line":618,"column":60},"end":{"line":625,"column":5}},"locations":[{"start":{"line":618,"column":60},"end":{"line":625,"column":5}}]},"115":{"type":"branch","line":620,"loc":{"start":{"line":620,"column":10},"end":{"line":620,"column":38}},"locations":[{"start":{"line":620,"column":10},"end":{"line":620,"column":38}}]},"116":{"type":"branch","line":620,"loc":{"start":{"line":620,"column":38},"end":{"line":622,"column":7}},"locations":[{"start":{"line":620,"column":38},"end":{"line":622,"column":7}}]},"117":{"type":"branch","line":630,"loc":{"start":{"line":630,"column":0},"end":{"line":639,"column":1}},"locations":[{"start":{"line":630,"column":0},"end":{"line":639,"column":1}}]},"118":{"type":"branch","line":631,"loc":{"start":{"line":631,"column":52},"end":{"line":638,"column":3}},"locations":[{"start":{"line":631,"column":52},"end":{"line":638,"column":3}}]},"119":{"type":"branch","line":632,"loc":{"start":{"line":632,"column":47},"end":{"line":634,"column":11}},"locations":[{"start":{"line":632,"column":47},"end":{"line":634,"column":11}}]},"120":{"type":"branch","line":634,"loc":{"start":{"line":634,"column":4},"end":{"line":636,"column":5}},"locations":[{"start":{"line":634,"column":4},"end":{"line":636,"column":5}}]},"121":{"type":"branch","line":641,"loc":{"start":{"line":641,"column":0},"end":{"line":645,"column":1}},"locations":[{"start":{"line":641,"column":0},"end":{"line":645,"column":1}}]},"122":{"type":"branch","line":652,"loc":{"start":{"line":652,"column":0},"end":{"line":943,"column":1}},"locations":[{"start":{"line":652,"column":0},"end":{"line":943,"column":1}}]},"123":{"type":"branch","line":656,"loc":{"start":{"line":656,"column":31},"end":{"line":656,"column":49}},"locations":[{"start":{"line":656,"column":31},"end":{"line":656,"column":49}}]},"124":{"type":"branch","line":938,"loc":{"start":{"line":938,"column":59},"end":{"line":938,"column":93}},"locations":[{"start":{"line":938,"column":59},"end":{"line":938,"column":93}}]},"125":{"type":"branch","line":659,"loc":{"start":{"line":659,"column":22},"end":{"line":916,"column":1}},"locations":[{"start":{"line":659,"column":22},"end":{"line":916,"column":1}}]},"126":{"type":"branch","line":685,"loc":{"start":{"line":685,"column":20},"end":{"line":704,"column":3}},"locations":[{"start":{"line":685,"column":20},"end":{"line":704,"column":3}}]},"127":{"type":"branch","line":688,"loc":{"start":{"line":688,"column":31},"end":{"line":688,"column":38}},"locations":[{"start":{"line":688,"column":31},"end":{"line":688,"column":38}}]},"128":{"type":"branch","line":691,"loc":{"start":{"line":691,"column":73},"end":{"line":694,"column":5}},"locations":[{"start":{"line":691,"column":73},"end":{"line":694,"column":5}}]},"129":{"type":"branch","line":711,"loc":{"start":{"line":711,"column":23},"end":{"line":852,"column":3}},"locations":[{"start":{"line":711,"column":23},"end":{"line":852,"column":3}}]},"130":{"type":"branch","line":712,"loc":{"start":{"line":712,"column":69},"end":{"line":712,"column":76}},"locations":[{"start":{"line":712,"column":69},"end":{"line":712,"column":76}}]},"131":{"type":"branch","line":715,"loc":{"start":{"line":715,"column":50},"end":{"line":715,"column":57}},"locations":[{"start":{"line":715,"column":50},"end":{"line":715,"column":57}}]},"132":{"type":"branch","line":719,"loc":{"start":{"line":719,"column":18},"end":{"line":719,"column":25}},"locations":[{"start":{"line":719,"column":18},"end":{"line":719,"column":25}}]},"133":{"type":"branch","line":723,"loc":{"start":{"line":723,"column":32},"end":{"line":723,"column":39}},"locations":[{"start":{"line":723,"column":32},"end":{"line":723,"column":39}}]},"134":{"type":"branch","line":729,"loc":{"start":{"line":729,"column":35},"end":{"line":774,"column":5}},"locations":[{"start":{"line":729,"column":35},"end":{"line":774,"column":5}}]},"135":{"type":"branch","line":738,"loc":{"start":{"line":738,"column":45},"end":{"line":756,"column":7}},"locations":[{"start":{"line":738,"column":45},"end":{"line":756,"column":7}}]},"136":{"type":"branch","line":744,"loc":{"start":{"line":744,"column":33},"end":{"line":744,"column":42}},"locations":[{"start":{"line":744,"column":33},"end":{"line":744,"column":42}}]},"137":{"type":"branch","line":744,"loc":{"start":{"line":744,"column":33},"end":{"line":751,"column":60}},"locations":[{"start":{"line":744,"column":33},"end":{"line":751,"column":60}}]},"138":{"type":"branch","line":751,"loc":{"start":{"line":751,"column":51},"end":{"line":751,"column":60}},"locations":[{"start":{"line":751,"column":51},"end":{"line":751,"column":60}}]},"139":{"type":"branch","line":751,"loc":{"start":{"line":751,"column":51},"end":{"line":756,"column":7}},"locations":[{"start":{"line":751,"column":51},"end":{"line":756,"column":7}}]},"140":{"type":"branch","line":759,"loc":{"start":{"line":759,"column":41},"end":{"line":761,"column":7}},"locations":[{"start":{"line":759,"column":41},"end":{"line":761,"column":7}}]},"141":{"type":"branch","line":760,"loc":{"start":{"line":760,"column":23},"end":{"line":760,"column":43}},"locations":[{"start":{"line":760,"column":23},"end":{"line":760,"column":43}}]},"142":{"type":"branch","line":774,"loc":{"start":{"line":774,"column":4},"end":{"line":777,"column":35}},"locations":[{"start":{"line":774,"column":4},"end":{"line":777,"column":35}}]},"143":{"type":"branch","line":777,"loc":{"start":{"line":777,"column":35},"end":{"line":829,"column":5}},"locations":[{"start":{"line":777,"column":35},"end":{"line":829,"column":5}}]},"144":{"type":"branch","line":781,"loc":{"start":{"line":781,"column":48},"end":{"line":784,"column":7}},"locations":[{"start":{"line":781,"column":48},"end":{"line":784,"column":7}}]},"145":{"type":"branch","line":787,"loc":{"start":{"line":787,"column":55},"end":{"line":800,"column":45}},"locations":[{"start":{"line":787,"column":55},"end":{"line":800,"column":45}}]},"146":{"type":"branch","line":800,"loc":{"start":{"line":800,"column":45},"end":{"line":806,"column":7}},"locations":[{"start":{"line":800,"column":45},"end":{"line":806,"column":7}}]},"147":{"type":"branch","line":802,"loc":{"start":{"line":802,"column":35},"end":{"line":805,"column":9}},"locations":[{"start":{"line":802,"column":35},"end":{"line":805,"column":9}}]},"148":{"type":"branch","line":806,"loc":{"start":{"line":806,"column":6},"end":{"line":809,"column":41}},"locations":[{"start":{"line":806,"column":6},"end":{"line":809,"column":41}}]},"149":{"type":"branch","line":809,"loc":{"start":{"line":809,"column":41},"end":{"line":811,"column":7}},"locations":[{"start":{"line":809,"column":41},"end":{"line":811,"column":7}}]},"150":{"type":"branch","line":810,"loc":{"start":{"line":810,"column":23},"end":{"line":810,"column":43}},"locations":[{"start":{"line":810,"column":23},"end":{"line":810,"column":43}}]},"151":{"type":"branch","line":811,"loc":{"start":{"line":811,"column":6},"end":{"line":829,"column":5}},"locations":[{"start":{"line":811,"column":6},"end":{"line":829,"column":5}}]},"152":{"type":"branch","line":829,"loc":{"start":{"line":829,"column":4},"end":{"line":851,"column":5}},"locations":[{"start":{"line":829,"column":4},"end":{"line":851,"column":5}}]},"153":{"type":"branch","line":762,"loc":{"start":{"line":762,"column":51},"end":{"line":762,"column":64}},"locations":[{"start":{"line":762,"column":51},"end":{"line":762,"column":64}}]},"154":{"type":"branch","line":812,"loc":{"start":{"line":812,"column":51},"end":{"line":812,"column":64}},"locations":[{"start":{"line":812,"column":51},"end":{"line":812,"column":64}}]},"155":{"type":"branch","line":854,"loc":{"start":{"line":854,"column":27},"end":{"line":862,"column":3}},"locations":[{"start":{"line":854,"column":27},"end":{"line":862,"column":3}}]},"156":{"type":"branch","line":875,"loc":{"start":{"line":875,"column":25},"end":{"line":884,"column":3}},"locations":[{"start":{"line":875,"column":25},"end":{"line":884,"column":3}}]},"157":{"type":"branch","line":876,"loc":{"start":{"line":876,"column":51},"end":{"line":883,"column":75}},"locations":[{"start":{"line":876,"column":51},"end":{"line":883,"column":75}}]},"158":{"type":"branch","line":906,"loc":{"start":{"line":906,"column":26},"end":{"line":915,"column":3}},"locations":[{"start":{"line":906,"column":26},"end":{"line":915,"column":3}}]},"159":{"type":"branch","line":912,"loc":{"start":{"line":912,"column":41},"end":{"line":914,"column":5}},"locations":[{"start":{"line":912,"column":41},"end":{"line":914,"column":5}}]},"160":{"type":"branch","line":909,"loc":{"start":{"line":909,"column":49},"end":{"line":909,"column":77}},"locations":[{"start":{"line":909,"column":49},"end":{"line":909,"column":77}}]},"161":{"type":"branch","line":919,"loc":{"start":{"line":919,"column":31},"end":{"line":931,"column":3}},"locations":[{"start":{"line":919,"column":31},"end":{"line":931,"column":3}}]},"162":{"type":"branch","line":939,"loc":{"start":{"line":939,"column":26},"end":{"line":942,"column":1}},"locations":[{"start":{"line":939,"column":26},"end":{"line":942,"column":1}}]}},"b":{"0":[0],"1":[36],"2":[1359],"3":[30],"4":[120],"5":[240],"6":[1080],"7":[4320],"8":[4120],"9":[3843],"10":[3557],"11":[3360],"12":[1366],"13":[0],"14":[510],"15":[2040],"16":[1969],"17":[1845],"18":[1723],"19":[1623],"20":[1265],"21":[353],"22":[240],"23":[270],"24":[270],"25":[1080],"26":[1037],"27":[970],"28":[904],"29":[847],"30":[632],"31":[316],"32":[76],"33":[47],"34":[1],"35":[241],"36":[68],"37":[46],"38":[65],"39":[62],"40":[5886],"41":[2450],"42":[2919],"43":[1218],"44":[1688],"45":[232],"46":[1551],"47":[164],"48":[270],"49":[270],"50":[156],"51":[114],"52":[156],"53":[114],"54":[143],"55":[127],"56":[143],"57":[127],"58":[241],"59":[127],"60":[114],"61":[61],"62":[22],"63":[198],"64":[24],"65":[201],"66":[2],"67":[20],"68":[180],"69":[44],"70":[29],"71":[44],"72":[2],"73":[1],"74":[4],"75":[7],"76":[1],"77":[6],"78":[4],"79":[4],"80":[2],"81":[0],"82":[101],"83":[20],"84":[100],"85":[5],"86":[1],"87":[4],"88":[21],"89":[87],"90":[70],"91":[65],"92":[65],"93":[7],"94":[80],"95":[1],"96":[79],"97":[16],"98":[23],"99":[7],"100":[8],"101":[5],"102":[4],"103":[4],"104":[3],"105":[1],"106":[86],"107":[1],"108":[7],"109":[86],"110":[7],"111":[6],"112":[4],"113":[6],"114":[3],"115":[0],"116":[0],"117":[21],"118":[18],"119":[1],"120":[17],"121":[16],"122":[20],"123":[0],"124":[0],"125":[22],"126":[2],"127":[0],"128":[0],"129":[4],"130":[0],"131":[0],"132":[0],"133":[0],"134":[1],"135":[6],"136":[5],"137":[1],"138":[0],"139":[1],"140":[6],"141":[0],"142":[3],"143":[2],"144":[0],"145":[1],"146":[6],"147":[2],"148":[1],"149":[6],"150":[0],"151":[1],"152":[1],"153":[6],"154":[6],"155":[2],"156":[2],"157":[1],"158":[22],"159":[20],"160":[2],"161":[16],"162":[20]},"fnMap":{"0":{"name":"mulberry32","decl":{"start":{"line":17,"column":0},"end":{"line":25,"column":1}},"loc":{"start":{"line":17,"column":0},"end":{"line":25,"column":1}},"line":17},"1":{"name":"generateLayout","decl":{"start":{"line":41,"column":0},"end":{"line":243,"column":1}},"loc":{"start":{"line":41,"column":0},"end":{"line":243,"column":1}},"line":41},"2":{"name":"key","decl":{"start":{"line":92,"column":14},"end":{"line":92,"column":36}},"loc":{"start":{"line":92,"column":14},"end":{"line":92,"column":36}},"line":92},"3":{"name":"createGameState","decl":{"start":{"line":246,"column":0},"end":{"line":255,"column":1}},"loc":{"start":{"line":246,"column":0},"end":{"line":255,"column":1}},"line":246},"4":{"name":"computeDungeonBounds","decl":{"start":{"line":269,"column":0},"end":{"line":290,"column":1}},"loc":{"start":{"line":269,"column":0},"end":{"line":290,"column":1}},"line":269},"5":{"name":"firstRoomPosition","decl":{"start":{"line":292,"column":0},"end":{"line":295,"column":1}},"loc":{"start":{"line":292,"column":0},"end":{"line":295,"column":1}},"line":292},"6":{"name":"randomRoomPosition","decl":{"start":{"line":297,"column":0},"end":{"line":305,"column":1}},"loc":{"start":{"line":297,"column":0},"end":{"line":305,"column":1}},"line":297},"7":{"name":"clampToDungeon","decl":{"start":{"line":307,"column":0},"end":{"line":313,"column":1}},"loc":{"start":{"line":307,"column":0},"end":{"line":313,"column":1}},"line":307},"8":{"name":"resetGameState","decl":{"start":{"line":322,"column":0},"end":{"line":330,"column":1}},"loc":{"start":{"line":322,"column":0},"end":{"line":330,"column":1}},"line":322},"9":{"name":"lobbyPlayerList","decl":{"start":{"line":362,"column":0},"end":{"line":367,"column":1}},"loc":{"start":{"line":362,"column":0},"end":{"line":367,"column":1}},"line":362},"10":{"name":"broadcastLobbyUpdate","decl":{"start":{"line":370,"column":0},"end":{"line":375,"column":1}},"loc":{"start":{"line":370,"column":0},"end":{"line":375,"column":1}},"line":370},"11":{"name":"checkAllReady","decl":{"start":{"line":378,"column":0},"end":{"line":384,"column":1}},"loc":{"start":{"line":378,"column":0},"end":{"line":384,"column":1}},"line":378},"12":{"name":"damagePlayer","decl":{"start":{"line":387,"column":0},"end":{"line":407,"column":1}},"loc":{"start":{"line":387,"column":0},"end":{"line":407,"column":1}},"line":387},"13":{"name":"randomWanderTarget","decl":{"start":{"line":409,"column":0},"end":{"line":411,"column":1}},"loc":{"start":{"line":409,"column":0},"end":{"line":411,"column":1}},"line":409},"14":{"name":"spawnEnemies","decl":{"start":{"line":414,"column":0},"end":{"line":426,"column":1}},"loc":{"start":{"line":414,"column":0},"end":{"line":426,"column":1}},"line":414},"15":{"name":"spawnLoot","decl":{"start":{"line":429,"column":0},"end":{"line":436,"column":1}},"loc":{"start":{"line":429,"column":0},"end":{"line":436,"column":1}},"line":429},"16":{"name":"isDebugScenarioAllowed","decl":{"start":{"line":438,"column":0},"end":{"line":450,"column":1}},"loc":{"start":{"line":438,"column":0},"end":{"line":450,"column":1}},"line":438},"17":{"name":"ensureNearbyEnemy","decl":{"start":{"line":452,"column":0},"end":{"line":464,"column":1}},"loc":{"start":{"line":452,"column":0},"end":{"line":464,"column":1}},"line":452},"18":{"name":"enterPlayingPhase","decl":{"start":{"line":466,"column":0},"end":{"line":471,"column":1}},"loc":{"start":{"line":466,"column":0},"end":{"line":471,"column":1}},"line":466},"19":{"name":"applyDebugScenario","decl":{"start":{"line":473,"column":0},"end":{"line":506,"column":1}},"loc":{"start":{"line":473,"column":0},"end":{"line":506,"column":1}},"line":473},"20":{"name":"updateEnemies","decl":{"start":{"line":509,"column":0},"end":{"line":559,"column":1}},"loc":{"start":{"line":509,"column":0},"end":{"line":559,"column":1}},"line":509},"21":{"name":"updateMinions","decl":{"start":{"line":562,"column":0},"end":{"line":611,"column":1}},"loc":{"start":{"line":562,"column":0},"end":{"line":611,"column":1}},"line":562},"22":{"name":"cleanupStalePlayers","decl":{"start":{"line":615,"column":0},"end":{"line":627,"column":1}},"loc":{"start":{"line":615,"column":0},"end":{"line":627,"column":1}},"line":615},"23":{"name":"regenMagicStones","decl":{"start":{"line":630,"column":0},"end":{"line":639,"column":1}},"loc":{"start":{"line":630,"column":0},"end":{"line":639,"column":1}},"line":630},"24":{"name":"stateSnapshot","decl":{"start":{"line":641,"column":0},"end":{"line":645,"column":1}},"loc":{"start":{"line":641,"column":0},"end":{"line":645,"column":1}},"line":641},"25":{"name":"startServer","decl":{"start":{"line":652,"column":0},"end":{"line":943,"column":1}},"loc":{"start":{"line":652,"column":0},"end":{"line":943,"column":1}},"line":652}},"f":{"0":36,"1":30,"2":0,"3":61,"4":22,"5":24,"6":201,"7":2,"8":20,"9":44,"10":44,"11":2,"12":7,"13":101,"14":20,"15":5,"16":0,"17":0,"18":0,"19":0,"20":21,"21":23,"22":4,"23":21,"24":16,"25":20}}
}
